[INFO] [1779462807.429702261]: [solid_bench] Loaded config: /root/catkin_ws/src/gmmslam/config/params.yaml
[INFO] [1779462807.431466951]: [solid_bench] Writing CSV: /tmp/solid_yaw_big_map.csv
[INFO] [1779462807.432598981]: [solid_bench] Subscribing pose: /m500_1/macortex_bridge/m500_1/pose
[INFO] [1779462807.432744052]: [solid_bench] lidar=/m500_1/mpa/depth/points preprocess: r=[0.30,50.00] voxel=0.000
[INFO] [1779462808.333365604, 0.080000000]: [solid_bench] Reference descriptor set (pts=5000, dim=68)
[INFO] [1779462808.463018204, 0.144000000]: [solid_bench] t=0.144 p=(256.00,-552.50,0.52) d_yaw=0.0deg solid=0.9991 range=0.9994 angle=0.9988 polar=0.9940 SOLiD=0.21ms n=4998
[INFO] [1779462808.683981260, 0.272000000]: [solid_bench] t=0.272 p=(256.00,-552.50,0.52) d_yaw=0.0deg solid=0.9987 range=0.9987 angle=0.9989 polar=0.9949 SOLiD=0.21ms n=4999
[INFO] [1779462808.924996565, 0.400000000]: [solid_bench] t=0.400 p=(256.00,-552.50,0.52) d_yaw=0.0deg solid=0.9990 range=0.9990 angle=0.9990 polar=0.9937 SOLiD=0.21ms n=4996
[INFO] [1779462809.149674239, 0.528000000]: [solid_bench] t=0.528 p=(256.00,-552.50,0.52) d_yaw=0.0deg solid=0.9978 range=0.9968 angle=0.9988 polar=0.9927 SOLiD=0.18ms n=4999
[INFO] [1779462809.366362482, 0.656000000]: [solid_bench] t=0.656 p=(256.00,-552.50,0.52) d_yaw=0.0deg solid=0.9985 range=0.9984 angle=0.9986 polar=0.9923 SOLiD=0.18ms n=4999
[INFO] [1779462809.596827692, 0.784000000]: [solid_bench] t=0.784 p=(256.00,-552.50,0.52) d_yaw=0.0deg solid=0.9993 range=0.9993 angle=0.9996 polar=0.9946 SOLiD=0.17ms n=4998
[INFO] [1779462809.831906824, 0.912000000]: [solid_bench] t=0.912 p=(256.00,-552.50,0.52) d_yaw=0.0deg solid=0.9980 range=0.9985 angle=0.9978 polar=0.9936 SOLiD=0.21ms n=4998
[INFO] [1779462810.054748943, 1.040000000]: [solid_bench] t=1.040 p=(256.00,-552.50,0.52) d_yaw=0.0deg solid=0.9969 range=0.9976 angle=0.9963 polar=0.9877 SOLiD=0.21ms n=4998
[INFO] [1779462810.277149071, 1.167999999]: [solid_bench] t=1.168 p=(256.00,-552.50,0.52) d_yaw=0.0deg solid=0.9984 range=0.9981 angle=0.9992 polar=0.9954 SOLiD=0.21ms n=5000
[INFO] [1779462810.505818437, 1.296000000]: [solid_bench] t=1.296 p=(256.00,-552.50,0.52) d_yaw=0.0deg solid=0.9986 range=0.9984 angle=0.9989 polar=0.9935 SOLiD=0.21ms n=4998
[INFO] [1779462810.722856204, 1.423999999]: [solid_bench] t=1.424 p=(256.00,-552.50,0.52) d_yaw=0.0deg solid=0.9988 range=0.9986 angle=0.9990 polar=0.9935 SOLiD=0.21ms n=4997
[INFO] [1779462810.948235773, 1.552000000]: [solid_bench] t=1.552 p=(256.00,-552.50,0.52) d_yaw=0.0deg solid=0.9981 range=0.9992 angle=0.9968 polar=0.9919 SOLiD=0.21ms n=4999
[INFO] [1779462811.175784009, 1.679999999]: [solid_bench] t=1.680 p=(256.00,-552.50,0.52) d_yaw=0.0deg solid=0.9974 range=0.9975 angle=0.9975 polar=0.9932 SOLiD=0.22ms n=4999
[INFO] [1779462811.392999567, 1.808000000]: [solid_bench] t=1.808 p=(256.00,-552.50,0.52) d_yaw=0.0deg solid=0.9990 range=0.9987 angle=0.9993 polar=0.9931 SOLiD=0.21ms n=4999
[INFO] [1779462811.625996936, 1.936000000]: [solid_bench] t=1.936 p=(256.00,-552.50,0.52) d_yaw=0.0deg solid=0.9988 range=0.9986 angle=0.9993 polar=0.9931 SOLiD=0.20ms n=4998
[INFO] [1779462811.851945580, 2.064000000]: [solid_bench] t=2.064 p=(256.00,-552.50,0.52) d_yaw=0.0deg solid=0.9980 range=0.9984 angle=0.9977 polar=0.9938 SOLiD=0.22ms n=5000
[INFO] [1779462812.072024482, 2.192000000]: [solid_bench] t=2.192 p=(256.00,-552.50,0.52) d_yaw=0.0deg solid=0.9978 range=0.9970 angle=0.9989 polar=0.9949 SOLiD=0.21ms n=5000
[INFO] [1779462812.297130819, 2.319999999]: [solid_bench] t=2.320 p=(256.00,-552.50,0.52) d_yaw=0.0deg solid=0.9986 range=0.9988 angle=0.9984 polar=0.9924 SOLiD=0.18ms n=4996
[INFO] [1779462812.523976660, 2.447999999]: [solid_bench] t=2.448 p=(256.00,-552.50,0.52) d_yaw=0.0deg solid=0.9992 range=0.9995 angle=0.9990 polar=0.9947 SOLiD=0.22ms n=4999
[INFO] [1779462812.745026958, 2.576000000]: [solid_bench] t=2.576 p=(256.00,-552.50,0.52) d_yaw=0.0deg solid=0.9991 range=0.9994 angle=0.9988 polar=0.9945 SOLiD=0.21ms n=4998
[INFO] [1779462812.969328825, 2.704000000]: [solid_bench] t=2.704 p=(256.00,-552.50,0.52) d_yaw=0.0deg solid=0.9986 range=0.9992 angle=0.9979 polar=0.9930 SOLiD=0.56ms n=4996
[INFO] [1779462813.194675341, 2.831999999]: [solid_bench] t=2.832 p=(256.00,-552.50,0.52) d_yaw=0.0deg solid=0.9993 range=0.9991 angle=0.9995 polar=0.9916 SOLiD=0.21ms n=4999
[INFO] [1779462813.413570276, 2.960000000]: [solid_bench] t=2.960 p=(256.00,-552.50,0.52) d_yaw=0.0deg solid=0.9964 range=0.9943 angle=0.9986 polar=0.9929 SOLiD=0.22ms n=5000
[INFO] [1779462813.640802806, 3.088000000]: [solid_bench] t=3.088 p=(256.00,-552.50,0.52) d_yaw=0.0deg solid=0.9981 range=0.9976 angle=0.9990 polar=0.9927 SOLiD=0.21ms n=4996
[INFO] [1779462813.868054318, 3.216000000]: [solid_bench] t=3.216 p=(256.00,-552.50,0.52) d_yaw=0.0deg solid=0.9995 range=0.9995 angle=0.9996 polar=0.9953 SOLiD=0.22ms n=4997
[INFO] [1779462814.083757738, 3.343999999]: [solid_bench] t=3.344 p=(256.00,-552.50,0.52) d_yaw=0.0deg solid=0.9978 range=0.9978 angle=0.9978 polar=0.9925 SOLiD=0.21ms n=4999
[INFO] [1779462814.326936966, 3.472000000]: [solid_bench] t=3.472 p=(256.00,-552.50,0.52) d_yaw=0.0deg solid=0.9986 range=0.9983 angle=0.9989 polar=0.9938 SOLiD=0.21ms n=5000
[INFO] [1779462814.554901020, 3.600000000]: [solid_bench] t=3.600 p=(256.00,-552.50,0.52) d_yaw=0.0deg solid=0.9995 range=0.9996 angle=0.9993 polar=0.9939 SOLiD=0.23ms n=4997
[INFO] [1779462814.768404309, 3.728000000]: [solid_bench] t=3.728 p=(256.00,-552.50,0.52) d_yaw=0.0deg solid=0.9994 range=0.9993 angle=0.9995 polar=0.9933 SOLiD=0.21ms n=4999
[INFO] [1779462814.995911013, 3.855999999]: [solid_bench] t=3.856 p=(256.00,-552.50,0.52) d_yaw=0.0deg solid=0.9994 range=0.9994 angle=0.9994 polar=0.9947 SOLiD=0.23ms n=4996
[INFO] [1779462815.228868929, 3.984000000]: [solid_bench] t=3.984 p=(256.00,-552.50,0.52) d_yaw=0.0deg solid=0.9991 range=0.9994 angle=0.9987 polar=0.9934 SOLiD=0.21ms n=4999
[INFO] [1779462815.449294008, 4.112000000]: [solid_bench] t=4.112 p=(256.00,-552.50,0.52) d_yaw=0.0deg solid=0.9981 range=0.9981 angle=0.9985 polar=0.9934 SOLiD=0.21ms n=4999
[INFO] [1779462815.676407757, 4.240000000]: [solid_bench] t=4.240 p=(256.00,-552.50,0.52) d_yaw=0.0deg solid=0.9992 range=0.9994 angle=0.9991 polar=0.9952 SOLiD=0.21ms n=4999
[INFO] [1779462815.903764599, 4.368000000]: [solid_bench] t=4.368 p=(256.00,-552.50,0.52) d_yaw=0.0deg solid=0.9983 range=0.9982 angle=0.9984 polar=0.9942 SOLiD=0.21ms n=4999
[INFO] [1779462816.135308365, 4.496000000]: [solid_bench] t=4.496 p=(256.00,-552.50,0.52) d_yaw=0.0deg solid=0.9985 range=0.9987 angle=0.9983 polar=0.9938 SOLiD=0.21ms n=4999
[INFO] [1779462816.358799187, 4.623999999]: [solid_bench] t=4.624 p=(256.00,-552.50,0.52) d_yaw=0.0deg solid=0.9987 range=0.9990 angle=0.9983 polar=0.9943 SOLiD=0.21ms n=5000
[INFO] [1779462816.595542662, 4.751999999]: [solid_bench] t=4.752 p=(256.00,-552.50,0.52) d_yaw=0.0deg solid=0.9978 range=0.9986 angle=0.9974 polar=0.9927 SOLiD=0.19ms n=4999
[INFO] [1779462816.816012717, 4.879999999]: [solid_bench] t=4.880 p=(256.00,-552.50,0.52) d_yaw=0.0deg solid=0.9976 range=0.9977 angle=0.9975 polar=0.9936 SOLiD=0.21ms n=5000
[INFO] [1779462817.045966656, 5.008000000]: [solid_bench] t=5.008 p=(256.00,-552.50,0.52) d_yaw=0.0deg solid=0.9985 range=0.9992 angle=0.9978 polar=0.9926 SOLiD=0.22ms n=5000
[INFO] [1779462817.274313699, 5.136000000]: [solid_bench] t=5.136 p=(256.00,-552.50,0.52) d_yaw=3.4deg solid=0.9992 range=0.9992 angle=0.9995 polar=0.9575 SOLiD=0.22ms n=5000
[INFO] [1779462817.485371015, 5.264000000]: [solid_bench] t=5.264 p=(256.00,-552.50,0.52) d_yaw=7.0deg solid=0.9949 range=0.9922 angle=0.9978 polar=0.8364 SOLiD=0.22ms n=4997
[INFO] [1779462817.709664755, 5.392000000]: [solid_bench] t=5.392 p=(256.00,-552.50,0.52) d_yaw=10.6deg solid=0.9912 range=0.9924 angle=0.9899 polar=0.7160 SOLiD=0.22ms n=4999
[INFO] [1779462817.929730637, 5.520000000]: [solid_bench] t=5.520 p=(256.00,-552.50,0.52) d_yaw=14.2deg solid=0.9909 range=0.9982 angle=0.9832 polar=0.6232 SOLiD=0.21ms n=4997
[INFO] [1779462818.145237868, 5.647999999]: [solid_bench] t=5.648 p=(256.00,-552.50,0.52) d_yaw=17.8deg solid=0.9891 range=0.9952 angle=0.9826 polar=0.5432 SOLiD=0.21ms n=5000
[INFO] [1779462818.390825145, 5.775999999]: [solid_bench] t=5.776 p=(256.00,-552.50,0.52) d_yaw=21.4deg solid=0.9870 range=0.9973 angle=0.9759 polar=0.5342 SOLiD=0.21ms n=4998
[INFO] [1779462818.608798932, 5.903999999]: [solid_bench] t=5.904 p=(256.00,-552.50,0.52) d_yaw=24.9deg solid=0.9865 range=0.9945 angle=0.9780 polar=0.5252 SOLiD=0.22ms n=4997
[INFO] [1779462818.818753694, 6.032000000]: [solid_bench] t=6.032 p=(256.00,-552.50,0.52) d_yaw=28.5deg solid=0.9827 range=0.9925 angle=0.9725 polar=0.5279 SOLiD=0.20ms n=4998
[INFO] [1779462819.040654307, 6.160000000]: [solid_bench] t=6.160 p=(256.00,-552.50,0.52) d_yaw=32.0deg solid=0.9852 range=0.9920 angle=0.9802 polar=0.5386 SOLiD=0.22ms n=4998
[INFO] [1779462819.254239547, 6.288000000]: [solid_bench] t=6.288 p=(256.00,-552.50,0.52) d_yaw=35.4deg solid=0.9807 range=0.9883 angle=0.9764 polar=0.5697 SOLiD=0.21ms n=4999
[INFO] [1779462819.483026083, 6.416000000]: [solid_bench] t=6.416 p=(256.00,-552.50,0.52) d_yaw=38.9deg solid=0.9760 range=0.9820 angle=0.9730 polar=0.5733 SOLiD=0.21ms n=5000
[INFO] [1779462819.717956638, 6.544000000]: [solid_bench] t=6.544 p=(256.00,-552.50,0.52) d_yaw=42.3deg solid=0.9756 range=0.9784 angle=0.9790 polar=0.6142 SOLiD=0.18ms n=4997
[INFO] [1779462819.938623319, 6.671999999]: [solid_bench] t=6.672 p=(256.00,-552.50,0.52) d_yaw=45.6deg solid=0.9739 range=0.9782 angle=0.9759 polar=0.6004 SOLiD=0.20ms n=4998
[INFO] [1779462820.167774471, 6.815999999]: [solid_bench] t=6.800 p=(256.00,-552.50,0.52) d_yaw=49.0deg solid=0.9731 range=0.9753 angle=0.9834 polar=0.6449 SOLiD=0.20ms n=5000
[INFO] [1779462820.391937919, 6.927999999]: [solid_bench] t=6.928 p=(256.00,-552.50,0.52) d_yaw=52.3deg solid=0.9730 range=0.9746 angle=0.9832 polar=0.6828 SOLiD=0.22ms n=4996
[INFO] [1779462820.615247234, 7.056000000]: [solid_bench] t=7.056 p=(256.00,-552.50,0.52) d_yaw=55.5deg solid=0.9765 range=0.9772 angle=0.9892 polar=0.7094 SOLiD=0.20ms n=4998
[INFO] [1779462820.832532665, 7.184000000]: [solid_bench] t=7.184 p=(256.00,-552.50,0.52) d_yaw=58.7deg solid=0.9783 range=0.9769 angle=0.9935 polar=0.7646 SOLiD=0.21ms n=4995
[INFO] [1779462821.055583057, 7.312000000]: [solid_bench] t=7.312 p=(256.00,-552.50,0.52) d_yaw=61.8deg solid=0.9764 range=0.9754 angle=0.9937 polar=0.7682 SOLiD=0.20ms n=4998
[INFO] [1779462821.279465171, 7.440000000]: [solid_bench] t=7.440 p=(256.00,-552.50,0.52) d_yaw=64.9deg solid=0.9781 range=0.9762 angle=0.9938 polar=0.7360 SOLiD=0.21ms n=4997
[INFO] [1779462821.492776303, 7.568000000]: [solid_bench] t=7.568 p=(256.00,-552.50,0.52) d_yaw=67.9deg solid=0.9760 range=0.9753 angle=0.9909 polar=0.6899 SOLiD=0.21ms n=4999
[INFO] [1779462821.738986624, 7.695999999]: [solid_bench] t=7.696 p=(256.00,-552.50,0.52) d_yaw=70.8deg solid=0.9792 range=0.9774 angle=0.9940 polar=0.6625 SOLiD=0.21ms n=4995
[INFO] [1779462821.967668979, 7.823999999]: [solid_bench] t=7.824 p=(256.00,-552.50,0.52) d_yaw=73.7deg solid=0.9786 range=0.9750 angle=0.9951 polar=0.6573 SOLiD=0.18ms n=4999
[INFO] [1779462822.203112115, 7.952000000]: [solid_bench] t=7.952 p=(256.00,-552.50,0.52) d_yaw=76.5deg solid=0.9839 range=0.9808 angle=0.9979 polar=0.6181 SOLiD=0.21ms n=4999
[INFO] [1779462822.433076111, 8.080000000]: [solid_bench] t=8.080 p=(256.00,-552.50,0.52) d_yaw=79.3deg solid=0.9798 range=0.9752 angle=0.9979 polar=0.6102 SOLiD=0.20ms n=4998
[INFO] [1779462822.666215847, 8.208000000]: [solid_bench] t=8.208 p=(256.00,-552.50,0.52) d_yaw=82.0deg solid=0.9819 range=0.9778 angle=0.9966 polar=0.5997 SOLiD=0.21ms n=4999
[INFO] [1779462822.913807159, 8.336000000]: [solid_bench] t=8.336 p=(256.00,-552.50,0.52) d_yaw=84.6deg solid=0.9834 range=0.9800 angle=0.9964 polar=0.6064 SOLiD=0.23ms n=5000
[INFO] [1779462823.144265243, 8.464000000]: [solid_bench] t=8.464 p=(256.00,-552.50,0.52) d_yaw=87.1deg solid=0.9820 range=0.9778 angle=0.9953 polar=0.6133 SOLiD=0.21ms n=4999
[INFO] [1779462823.363269753, 8.592000000]: [solid_bench] t=8.592 p=(256.00,-552.50,0.52) d_yaw=89.6deg solid=0.9834 range=0.9798 angle=0.9948 polar=0.6072 SOLiD=0.18ms n=4998
[INFO] [1779462823.582487052, 8.720000000]: [solid_bench] t=8.720 p=(256.00,-552.50,0.52) d_yaw=91.9deg solid=0.9843 range=0.9793 angle=0.9962 polar=0.6267 SOLiD=0.22ms n=4997
[INFO] [1779462823.807449793, 8.848000000]: [solid_bench] t=8.848 p=(256.00,-552.50,0.52) d_yaw=94.2deg solid=0.9840 range=0.9768 angle=0.9946 polar=0.6027 SOLiD=0.23ms n=5000
[INFO] [1779462824.024449186, 8.976000000]: [solid_bench] t=8.976 p=(256.00,-552.50,0.52) d_yaw=96.4deg solid=0.9849 range=0.9792 angle=0.9950 polar=0.6090 SOLiD=0.21ms n=4998
[INFO] [1779462824.236699129, 9.104000000]: [solid_bench] t=9.104 p=(256.00,-552.50,0.52) d_yaw=98.5deg solid=0.9838 range=0.9784 angle=0.9920 polar=0.5971 SOLiD=0.20ms n=4995
[INFO] [1779462824.462185322, 9.231999999]: [solid_bench] t=9.232 p=(256.00,-552.50,0.52) d_yaw=100.5deg solid=0.9841 range=0.9762 angle=0.9949 polar=0.5876 SOLiD=0.21ms n=4998
[INFO] [1779462824.686801058, 9.375999999]: [solid_bench] t=9.360 p=(256.00,-552.50,0.52) d_yaw=102.5deg solid=0.9811 range=0.9711 angle=0.9918 polar=0.5718 SOLiD=0.34ms n=4997
[INFO] [1779462824.940782313, 9.487999999]: [solid_bench] t=9.488 p=(256.00,-552.50,0.52) d_yaw=104.3deg solid=0.9831 range=0.9723 angle=0.9948 polar=0.5583 SOLiD=0.27ms n=4999
[INFO] [1779462825.174324999, 9.615999999]: [solid_bench] t=9.616 p=(256.00,-552.50,0.52) d_yaw=106.1deg solid=0.9840 range=0.9722 angle=0.9968 polar=0.5657 SOLiD=0.21ms n=4999
[INFO] [1779462825.392696224, 9.743999999]: [solid_bench] t=9.744 p=(256.00,-552.50,0.52) d_yaw=107.7deg solid=0.9806 range=0.9675 angle=0.9945 polar=0.5451 SOLiD=0.18ms n=4999
[INFO] [1779462825.603237834, 9.871999999]: [solid_bench] t=9.872 p=(256.00,-552.50,0.52) d_yaw=109.2deg solid=0.9813 range=0.9696 angle=0.9942 polar=0.5413 SOLiD=0.18ms n=5000
[INFO] [1779462825.822491369, 10.000000000]: [solid_bench] t=10.000 p=(256.00,-552.50,0.52) d_yaw=110.7deg solid=0.9803 range=0.9640 angle=0.9982 polar=0.5573 SOLiD=0.18ms n=4999
[INFO] [1779462826.050531743, 10.128000000]: [solid_bench] t=10.128 p=(256.00,-552.50,0.52) d_yaw=112.0deg solid=0.9816 range=0.9671 angle=0.9973 polar=0.5608 SOLiD=0.24ms n=4999
[INFO] [1779462826.266695919, 10.256000000]: [solid_bench] t=10.256 p=(256.00,-552.50,0.52) d_yaw=113.3deg solid=0.9769 range=0.9578 angle=0.9970 polar=0.5525 SOLiD=0.18ms n=4998
[INFO] [1779462826.494246330, 10.384000000]: [solid_bench] t=10.384 p=(256.00,-552.50,0.52) d_yaw=114.4deg solid=0.9778 range=0.9598 angle=0.9974 polar=0.5623 SOLiD=0.21ms n=4997
[INFO] [1779462826.719933290, 10.512000000]: [solid_bench] t=10.512 p=(256.00,-552.50,0.52) d_yaw=115.5deg solid=0.9734 range=0.9511 angle=0.9968 polar=0.5568 SOLiD=0.22ms n=5000
[INFO] [1779462826.940816948, 10.640000000]: [solid_bench] t=10.640 p=(256.00,-552.50,0.52) d_yaw=116.4deg solid=0.9759 range=0.9550 angle=0.9978 polar=0.5582 SOLiD=0.22ms n=4999
[INFO] [1779462827.163638005, 10.768000000]: [solid_bench] t=10.768 p=(256.00,-552.50,0.52) d_yaw=117.2deg solid=0.9742 range=0.9527 angle=0.9971 polar=0.5562 SOLiD=0.21ms n=5000
[INFO] [1779462827.385366287, 10.896000000]: [solid_bench] t=10.896 p=(256.00,-552.50,0.52) d_yaw=117.9deg solid=0.9686 range=0.9468 angle=0.9916 polar=0.5509 SOLiD=0.18ms n=4997
[INFO] [1779462827.608031204, 11.024000000]: [solid_bench] t=11.024 p=(256.00,-552.50,0.52) d_yaw=118.6deg solid=0.9729 range=0.9538 angle=0.9932 polar=0.5652 SOLiD=0.23ms n=4999
[INFO] [1779462827.831165654, 11.152000000]: [solid_bench] t=11.152 p=(256.00,-552.50,0.52) d_yaw=119.1deg solid=0.9697 range=0.9522 angle=0.9883 polar=0.5471 SOLiD=0.23ms n=4998
[INFO] [1779462828.061592982, 11.279999999]: [solid_bench] t=11.280 p=(256.00,-552.50,0.52) d_yaw=119.5deg solid=0.9666 range=0.9452 angle=0.9890 polar=0.5468 SOLiD=0.24ms n=4999
[INFO] [1779462828.282151172, 11.407999999]: [solid_bench] t=11.408 p=(256.00,-552.50,0.52) d_yaw=119.7deg solid=0.9699 range=0.9497 angle=0.9914 polar=0.5619 SOLiD=0.22ms n=4998
[INFO] [1779462828.516446642, 11.551999999]: [solid_bench] t=11.536 p=(256.00,-552.50,0.52) d_yaw=119.9deg solid=0.9685 range=0.9490 angle=0.9890 polar=0.5534 SOLiD=0.18ms n=4996
[INFO] [1779462828.744364247, 11.663999999]: [solid_bench] t=11.664 p=(256.00,-552.50,0.52) d_yaw=120.0deg solid=0.9697 range=0.9510 angle=0.9898 polar=0.5615 SOLiD=0.18ms n=4999
[INFO] [1779462828.956516926, 11.791999999]: [solid_bench] t=11.792 p=(256.00,-552.50,0.52) d_yaw=120.0deg solid=0.9716 range=0.9546 angle=0.9896 polar=0.5528 SOLiD=0.22ms n=5000
[INFO] [1779462829.180400169, 11.919999999]: [solid_bench] t=11.920 p=(256.00,-552.50,0.52) d_yaw=119.8deg solid=0.9679 range=0.9492 angle=0.9877 polar=0.5570 SOLiD=0.22ms n=5000
[INFO] [1779462829.407297104, 12.048000000]: [solid_bench] t=12.048 p=(256.00,-552.50,0.52) d_yaw=119.6deg solid=0.9723 range=0.9567 angle=0.9893 polar=0.5641 SOLiD=0.22ms n=4998
[INFO] [1779462829.621009923, 12.176000000]: [solid_bench] t=12.176 p=(256.00,-552.50,0.52) d_yaw=119.2deg solid=0.9711 range=0.9519 angle=0.9918 polar=0.5622 SOLiD=0.22ms n=4998
[INFO] [1779462829.839985009, 12.304000000]: [solid_bench] t=12.304 p=(256.00,-552.50,0.52) d_yaw=118.7deg solid=0.9724 range=0.9526 angle=0.9937 polar=0.5667 SOLiD=0.20ms n=5000
[INFO] [1779462830.069511807, 12.432000000]: [solid_bench] t=12.432 p=(256.00,-552.50,0.52) d_yaw=118.1deg solid=0.9713 range=0.9529 angle=0.9907 polar=0.5586 SOLiD=0.27ms n=4998
[INFO] [1779462830.304130649, 12.560000000]: [solid_bench] t=12.560 p=(256.00,-552.50,0.52) d_yaw=117.4deg solid=0.9770 range=0.9612 angle=0.9937 polar=0.5713 SOLiD=0.21ms n=4999
[INFO] [1779462830.530541480, 12.688000000]: [solid_bench] t=12.688 p=(256.00,-552.50,0.52) d_yaw=116.6deg solid=0.9704 range=0.9471 angle=0.9956 polar=0.5540 SOLiD=0.22ms n=4998
[INFO] [1779462830.759106910, 12.816000000]: [solid_bench] t=12.816 p=(256.00,-552.50,0.52) d_yaw=115.7deg solid=0.9791 range=0.9617 angle=0.9975 polar=0.5791 SOLiD=0.21ms n=4999
[INFO] [1779462830.974659114, 12.944000000]: [solid_bench] t=12.944 p=(256.00,-552.50,0.52) d_yaw=114.7deg solid=0.9773 range=0.9612 angle=0.9944 polar=0.5619 SOLiD=0.23ms n=5000
[INFO] [1779462831.201327755, 13.072000000]: [solid_bench] t=13.072 p=(256.00,-552.50,0.52) d_yaw=113.6deg solid=0.9801 range=0.9646 angle=0.9970 polar=0.5542 SOLiD=0.21ms n=4996
[INFO] [1779462831.419577375, 13.200000000]: [solid_bench] t=13.200 p=(256.00,-552.50,0.52) d_yaw=112.4deg solid=0.9790 range=0.9603 angle=0.9991 polar=0.5367 SOLiD=0.21ms n=4999
[INFO] [1779462831.631016980, 13.327999999]: [solid_bench] t=13.328 p=(256.00,-552.50,0.52) d_yaw=111.1deg solid=0.9791 range=0.9618 angle=0.9973 polar=0.5456 SOLiD=0.18ms n=4999
[INFO] [1779462831.850308591, 13.455999999]: [solid_bench] t=13.456 p=(256.00,-552.50,0.52) d_yaw=109.7deg solid=0.9809 range=0.9659 angle=0.9969 polar=0.5522 SOLiD=0.18ms n=4999
[INFO] [1779462832.069192854, 13.583999999]: [solid_bench] t=13.584 p=(256.00,-552.50,0.52) d_yaw=108.2deg solid=0.9827 range=0.9681 angle=0.9985 polar=0.5493 SOLiD=0.18ms n=4998
[INFO] [1779462832.284045924, 13.711999999]: [solid_bench] t=13.712 p=(256.00,-552.50,0.52) d_yaw=106.5deg solid=0.9821 range=0.9699 angle=0.9952 polar=0.5483 SOLiD=0.20ms n=4999
[INFO] [1779462832.501556636, 13.839999999]: [solid_bench] t=13.840 p=(256.00,-552.50,0.52) d_yaw=104.8deg solid=0.9804 range=0.9681 angle=0.9939 polar=0.5632 SOLiD=0.21ms n=4999
[INFO] [1779462832.725044813, 13.968000000]: [solid_bench] t=13.968 p=(256.00,-552.50,0.52) d_yaw=103.0deg solid=0.9837 range=0.9756 angle=0.9936 polar=0.5630 SOLiD=0.23ms n=5000
[INFO] [1779462832.938613736, 14.096000000]: [solid_bench] t=14.096 p=(256.00,-552.50,0.52) d_yaw=101.1deg solid=0.9841 range=0.9777 angle=0.9925 polar=0.5852 SOLiD=0.20ms n=4999
[INFO] [1779462833.156213098, 14.224000000]: [solid_bench] t=14.224 p=(256.00,-552.50,0.52) d_yaw=99.1deg solid=0.9857 range=0.9791 angle=0.9963 polar=0.5862 SOLiD=0.20ms n=4998
[INFO] [1779462833.379770722, 14.352000000]: [solid_bench] t=14.352 p=(256.00,-552.50,0.52) d_yaw=97.0deg solid=0.9842 range=0.9779 angle=0.9937 polar=0.5996 SOLiD=0.22ms n=4999
[INFO] [1779462833.591487931, 14.480000000]: [solid_bench] t=14.480 p=(256.00,-552.50,0.52) d_yaw=94.9deg solid=0.9852 range=0.9801 angle=0.9959 polar=0.6061 SOLiD=0.21ms n=4998
[INFO] [1779462833.811261849, 14.624000000]: [solid_bench] t=14.608 p=(256.00,-552.50,0.52) d_yaw=92.6deg solid=0.9844 range=0.9791 angle=0.9963 polar=0.6200 SOLiD=0.43ms n=4997
[INFO] [1779462834.029751754, 14.736000000]: [solid_bench] t=14.736 p=(256.00,-552.50,0.52) d_yaw=90.3deg solid=0.9834 range=0.9798 angle=0.9952 polar=0.6217 SOLiD=0.21ms n=4997
[INFO] [1779462834.244002784, 14.864000000]: [solid_bench] t=14.864 p=(256.00,-552.50,0.52) d_yaw=87.8deg solid=0.9854 range=0.9799 angle=0.9981 polar=0.5828 SOLiD=0.20ms n=4999
[INFO] [1779462834.483880585, 14.992000000]: [solid_bench] t=14.992 p=(256.00,-552.50,0.52) d_yaw=85.3deg solid=0.9827 range=0.9771 angle=0.9979 polar=0.5825 SOLiD=0.19ms n=4998
[INFO] [1779462834.709247239, 15.120000000]: [solid_bench] t=15.120 p=(256.00,-552.50,0.52) d_yaw=82.7deg solid=0.9845 range=0.9799 angle=0.9979 polar=0.5804 SOLiD=0.20ms n=4998
[INFO] [1779462834.931731961, 15.248000000]: [solid_bench] t=15.248 p=(256.00,-552.50,0.52) d_yaw=80.1deg solid=0.9819 range=0.9789 angle=0.9959 polar=0.6044 SOLiD=0.18ms n=4999
[INFO] [1779462835.160185376, 15.375999999]: [solid_bench] t=15.376 p=(256.00,-552.50,0.52) d_yaw=77.4deg solid=0.9784 range=0.9777 angle=0.9937 polar=0.6163 SOLiD=0.21ms n=4998
[INFO] [1779462835.388821366, 15.503999999]: [solid_bench] t=15.504 p=(256.00,-552.50,0.52) d_yaw=74.6deg solid=0.9798 range=0.9773 angle=0.9959 polar=0.6445 SOLiD=0.17ms n=4997
[INFO] [1779462835.604478220, 15.631999999]: [solid_bench] t=15.632 p=(256.00,-552.50,0.52) d_yaw=71.7deg solid=0.9789 range=0.9776 angle=0.9941 polar=0.6542 SOLiD=0.29ms n=4996
[INFO] [1779462835.829440291, 15.759999999]: [solid_bench] t=15.760 p=(256.00,-552.50,0.52) d_yaw=68.8deg solid=0.9769 range=0.9752 angle=0.9940 polar=0.6874 SOLiD=0.21ms n=4998
[INFO] [1779462836.052409961, 15.887999999]: [solid_bench] t=15.888 p=(256.00,-552.50,0.52) d_yaw=65.8deg solid=0.9792 range=0.9764 angle=0.9963 polar=0.7211 SOLiD=0.23ms n=5000
[INFO] [1779462836.268359305, 16.016000000]: [solid_bench] t=16.016 p=(256.00,-552.50,0.52) d_yaw=62.7deg solid=0.9777 range=0.9758 angle=0.9935 polar=0.7563 SOLiD=0.21ms n=4997
[INFO] [1779462836.490022159, 16.144000000]: [solid_bench] t=16.144 p=(256.00,-552.50,0.52) d_yaw=59.6deg solid=0.9765 range=0.9726 angle=0.9907 polar=0.7533 SOLiD=0.20ms n=4998
[INFO] [1779462836.709028169, 16.272000000]: [solid_bench] t=16.272 p=(256.00,-552.50,0.52) d_yaw=56.4deg solid=0.9756 range=0.9754 angle=0.9874 polar=0.7200 SOLiD=0.22ms n=4997
[INFO] [1779462836.916935369, 16.399999999]: [solid_bench] t=16.400 p=(256.00,-552.50,0.52) d_yaw=53.2deg solid=0.9749 range=0.9758 angle=0.9879 polar=0.6742 SOLiD=0.22ms n=4997
[INFO] [1779462837.133013246, 16.527999999]: [solid_bench] t=16.528 p=(256.00,-552.50,0.52) d_yaw=49.9deg solid=0.9729 range=0.9728 angle=0.9839 polar=0.6562 SOLiD=0.20ms n=5000
[INFO] [1779462837.349938751, 16.655999999]: [solid_bench] t=16.656 p=(256.00,-552.50,0.52) d_yaw=46.6deg solid=0.9753 range=0.9770 angle=0.9818 polar=0.6041 SOLiD=0.20ms n=4998
[INFO] [1779462837.561576927, 16.783999999]: [solid_bench] t=16.784 p=(256.00,-552.50,0.52) d_yaw=43.3deg solid=0.9754 range=0.9788 angle=0.9771 polar=0.6089 SOLiD=0.21ms n=4998
[INFO] [1779462837.793447203, 16.911999999]: [solid_bench] t=16.912 p=(256.00,-552.50,0.52) d_yaw=39.9deg solid=0.9792 range=0.9808 angle=0.9839 polar=0.6125 SOLiD=0.21ms n=4998
[INFO] [1779462838.009726262, 17.039999999]: [solid_bench] t=17.040 p=(256.00,-552.50,0.52) d_yaw=36.4deg solid=0.9798 range=0.9868 angle=0.9759 polar=0.5442 SOLiD=0.21ms n=5000
[INFO] [1779462838.221360815, 17.167999999]: [solid_bench] t=17.168 p=(256.00,-552.50,0.52) d_yaw=33.0deg solid=0.9798 range=0.9906 angle=0.9692 polar=0.5402 SOLiD=0.21ms n=4998
[INFO] [1779462838.439722361, 17.295999999]: [solid_bench] t=17.296 p=(256.00,-552.50,0.52) d_yaw=29.5deg solid=0.9835 range=0.9948 angle=0.9729 polar=0.5415 SOLiD=0.20ms n=4997
[INFO] [1779462838.660162211, 17.423999999]: [solid_bench] t=17.424 p=(256.00,-552.50,0.52) d_yaw=26.0deg solid=0.9859 range=0.9965 angle=0.9756 polar=0.5210 SOLiD=0.18ms n=4999
[INFO] [1779462838.868753751, 17.551999999]: [solid_bench] t=17.552 p=(256.00,-552.50,0.52) d_yaw=22.4deg solid=0.9849 range=0.9963 angle=0.9724 polar=0.5267 SOLiD=0.22ms n=4998
[INFO] [1779462839.099090562, 17.679999999]: [solid_bench] t=17.680 p=(256.00,-552.50,0.52) d_yaw=18.8deg solid=0.9880 range=0.9980 angle=0.9771 polar=0.5218 SOLiD=0.21ms n=4999
[INFO] [1779462839.318818163, 17.807999999]: [solid_bench] t=17.808 p=(256.00,-552.50,0.52) d_yaw=15.3deg solid=0.9889 range=0.9968 angle=0.9805 polar=0.5796 SOLiD=0.21ms n=4999
[INFO] [1779462839.535741087, 17.936000000]: [solid_bench] t=17.936 p=(256.00,-552.50,0.52) d_yaw=11.7deg solid=0.9956 range=0.9980 angle=0.9931 polar=0.7067 SOLiD=0.21ms n=4995
[INFO] [1779462839.755125339, 18.064000000]: [solid_bench] t=18.064 p=(256.00,-552.50,0.52) d_yaw=8.1deg solid=0.9970 range=0.9977 angle=0.9969 polar=0.8097 SOLiD=0.21ms n=4997
[INFO] [1779462839.981846841, 18.208000000]: [solid_bench] t=18.192 p=(256.00,-552.50,0.52) d_yaw=4.4deg solid=0.9973 range=0.9964 angle=0.9984 polar=0.9350 SOLiD=0.19ms n=4999
[INFO] [1779462840.195940014, 18.320000000]: [solid_bench] t=18.320 p=(256.00,-552.50,0.52) d_yaw=0.8deg solid=0.9981 range=0.9980 angle=0.9983 polar=0.9913 SOLiD=0.21ms n=4999
[INFO] [1779462840.420549317, 18.448000000]: [solid_bench] t=18.448 p=(256.00,-552.50,0.52) d_yaw=-2.8deg solid=0.9968 range=0.9964 angle=0.9979 polar=0.9780 SOLiD=0.21ms n=4997
[INFO] [1779462840.645664436, 18.576000000]: [solid_bench] t=18.576 p=(256.00,-552.50,0.52) d_yaw=-6.4deg solid=0.9925 range=0.9874 angle=0.9984 polar=0.8899 SOLiD=0.21ms n=5000
[INFO] [1779462840.881203609, 18.704000000]: [solid_bench] t=18.704 p=(256.00,-552.50,0.52) d_yaw=-10.0deg solid=0.9893 range=0.9818 angle=0.9973 polar=0.7498 SOLiD=0.21ms n=5000
[INFO] [1779462841.107304872, 18.832000000]: [solid_bench] t=18.832 p=(256.00,-552.50,0.52) d_yaw=-13.6deg solid=0.9839 range=0.9765 angle=0.9937 polar=0.5846 SOLiD=0.52ms n=4999
[INFO] [1779462841.331156381, 18.960000000]: [solid_bench] t=18.960 p=(256.00,-552.50,0.52) d_yaw=-17.2deg solid=0.9808 range=0.9698 angle=0.9954 polar=0.5547 SOLiD=0.21ms n=4998
[INFO] [1779462841.545699204, 19.088000000]: [solid_bench] t=19.088 p=(256.00,-552.50,0.52) d_yaw=-20.8deg solid=0.9792 range=0.9681 angle=0.9937 polar=0.5965 SOLiD=0.20ms n=4999
[INFO] [1779462841.766687241, 19.216000000]: [solid_bench] t=19.216 p=(256.00,-552.50,0.52) d_yaw=-24.3deg solid=0.9822 range=0.9711 angle=0.9949 polar=0.6069 SOLiD=0.22ms n=4998
[INFO] [1779462841.992237565, 19.344000000]: [solid_bench] t=19.344 p=(256.00,-552.50,0.52) d_yaw=-27.9deg solid=0.9762 range=0.9671 angle=0.9859 polar=0.5883 SOLiD=0.22ms n=5000
[INFO] [1779462842.212215131, 19.472000000]: [solid_bench] t=19.472 p=(256.00,-552.50,0.52) d_yaw=-31.4deg solid=0.9692 range=0.9569 angle=0.9841 polar=0.5941 SOLiD=0.23ms n=4998
[INFO] [1779462842.431233646, 19.600000000]: [solid_bench] t=19.600 p=(256.00,-552.50,0.52) d_yaw=-34.9deg solid=0.9652 range=0.9518 angle=0.9808 polar=0.5734 SOLiD=0.20ms n=4999
[INFO] [1779462842.660680837, 19.728000000]: [solid_bench] t=19.728 p=(256.00,-552.50,0.52) d_yaw=-38.3deg solid=0.9690 range=0.9561 angle=0.9840 polar=0.5545 SOLiD=0.21ms n=5000
[INFO] [1779462842.878301857, 19.856000000]: [solid_bench] t=19.856 p=(256.00,-552.50,0.52) d_yaw=-41.7deg solid=0.9580 range=0.9442 angle=0.9765 polar=0.5036 SOLiD=0.21ms n=4998
[INFO] [1779462843.114737621, 19.984000000]: [solid_bench] t=19.984 p=(256.00,-552.50,0.52) d_yaw=-45.1deg solid=0.9609 range=0.9469 angle=0.9786 polar=0.5130 SOLiD=0.21ms n=4998
[INFO] [1779462843.336925357, 20.112000000]: [solid_bench] t=20.112 p=(256.00,-552.50,0.52) d_yaw=-48.4deg solid=0.9548 range=0.9359 angle=0.9776 polar=0.4904 SOLiD=0.21ms n=4999
[INFO] [1779462843.554240226, 20.256000000]: [solid_bench] t=20.240 p=(256.00,-552.50,0.52) d_yaw=-51.7deg solid=0.9512 range=0.9283 angle=0.9813 polar=0.4318 SOLiD=0.34ms n=4999
[INFO] [1779462843.780869569, 20.368000000]: [solid_bench] t=20.368 p=(256.00,-552.50,0.52) d_yaw=-54.9deg solid=0.9471 range=0.9215 angle=0.9779 polar=0.4253 SOLiD=0.21ms n=4993
[INFO] [1779462844.004589501, 20.495999999]: [solid_bench] t=20.496 p=(256.00,-552.50,0.52) d_yaw=-58.1deg solid=0.9492 range=0.9224 angle=0.9824 polar=0.4442 SOLiD=0.18ms n=4998
[INFO] [1779462844.215797648, 20.623999999]: [solid_bench] t=20.624 p=(256.00,-552.50,0.52) d_yaw=-61.3deg solid=0.9382 range=0.9013 angle=0.9805 polar=0.3904 SOLiD=0.21ms n=4996
[INFO] [1779462844.437230885, 20.768000000]: [solid_bench] t=20.752 p=(256.00,-552.50,0.52) d_yaw=-64.4deg solid=0.9351 range=0.8894 angle=0.9848 polar=0.4172 SOLiD=0.23ms n=4998
[INFO] [1779462844.654289489, 20.896000000]: [solid_bench] t=20.880 p=(256.00,-552.50,0.52) d_yaw=-67.4deg solid=0.9313 range=0.8907 angle=0.9764 polar=0.4290 SOLiD=0.22ms n=4997
[INFO] [1779462844.863359652, 21.007999999]: [solid_bench] t=21.008 p=(256.00,-552.50,0.52) d_yaw=-70.4deg solid=0.8978 range=0.8224 angle=0.9807 polar=0.3896 SOLiD=0.22ms n=4995
[INFO] [1779462845.087932129, 21.135999999]: [solid_bench] t=21.136 p=(256.00,-552.50,0.52) d_yaw=-73.3deg solid=0.8755 range=0.7732 angle=0.9820 polar=0.3833 SOLiD=0.22ms n=4996
[INFO] [1779462845.307289693, 21.280000000]: [solid_bench] t=21.264 p=(256.00,-552.50,0.52) d_yaw=-76.1deg solid=0.8883 range=0.7938 angle=0.9865 polar=0.3969 SOLiD=0.34ms n=4996
[INFO] [1779462845.526423544, 21.408000000]: [solid_bench] t=21.392 p=(256.00,-552.50,0.52) d_yaw=-78.8deg solid=0.8672 range=0.7434 angle=0.9935 polar=0.3843 SOLiD=0.18ms n=4997
[INFO] [1779462845.747213571, 21.536000000]: [solid_bench] t=21.520 p=(256.00,-552.50,0.52) d_yaw=-81.5deg solid=0.8998 range=0.8128 angle=0.9970 polar=0.3767 SOLiD=0.21ms n=4998
[INFO] [1779462845.966667753, 21.647999999]: [solid_bench] t=21.648 p=(256.00,-552.50,0.52) d_yaw=-84.2deg solid=0.8746 range=0.7711 angle=0.9911 polar=0.4057 SOLiD=0.22ms n=4994
[INFO] [1779462846.199169931, 21.775999999]: [solid_bench] t=21.776 p=(256.00,-552.50,0.52) d_yaw=-86.7deg solid=0.9275 range=0.8729 angle=0.9959 polar=0.4257 SOLiD=0.22ms n=4993
[INFO] [1779462846.421338651, 21.920000000]: [solid_bench] t=21.904 p=(256.00,-552.50,0.52) d_yaw=-89.2deg solid=0.9126 range=0.8442 angle=0.9958 polar=0.3974 SOLiD=0.23ms n=4996
[INFO] [1779462846.647371573, 22.048000000]: [solid_bench] t=22.032 p=(256.00,-552.50,0.52) d_yaw=-91.5deg solid=0.9352 range=0.8871 angle=0.9978 polar=0.3877 SOLiD=0.27ms n=4999
[INFO] [1779462846.858061029, 22.160000000]: [solid_bench] t=22.160 p=(256.00,-552.50,0.52) d_yaw=-93.8deg solid=0.9286 range=0.8838 angle=0.9987 polar=0.4075 SOLiD=0.22ms n=4998
[INFO] [1779462847.081961207, 22.288000000]: [solid_bench] t=22.288 p=(256.00,-552.50,0.52) d_yaw=-96.1deg solid=0.9313 range=0.8978 angle=0.9985 polar=0.4108 SOLiD=0.20ms n=4988
[INFO] [1779462847.303009910, 22.416000000]: [solid_bench] t=22.416 p=(256.00,-552.50,0.52) d_yaw=-98.2deg solid=0.9264 range=0.8856 angle=0.9977 polar=0.4077 SOLiD=0.22ms n=4998
[INFO] [1779462847.517144433, 22.544000000]: [solid_bench] t=22.544 p=(256.00,-552.50,0.52) d_yaw=-100.2deg solid=0.9280 range=0.8840 angle=0.9982 polar=0.3806 SOLiD=0.22ms n=4994
[INFO] [1779462847.745630090, 22.672000000]: [solid_bench] t=22.672 p=(256.00,-552.50,0.52) d_yaw=-102.2deg solid=0.9271 range=0.8890 angle=0.9969 polar=0.4087 SOLiD=0.22ms n=4994
[INFO] [1779462847.971050204, 22.800000000]: [solid_bench] t=22.800 p=(256.00,-552.50,0.52) d_yaw=-104.0deg solid=0.9319 range=0.8967 angle=0.9966 polar=0.4192 SOLiD=0.20ms n=4992
[INFO] [1779462848.198141114, 22.928000000]: [solid_bench] t=22.928 p=(256.00,-552.50,0.52) d_yaw=-105.8deg solid=0.9275 range=0.8933 angle=0.9967 polar=0.4485 SOLiD=0.18ms n=4989
[INFO] [1779462848.425418018, 23.056000000]: [solid_bench] t=23.056 p=(256.00,-552.50,0.52) d_yaw=-107.4deg solid=0.9298 range=0.8947 angle=0.9982 polar=0.4450 SOLiD=0.22ms n=4998
[INFO] [1779462848.655795998, 23.184000000]: [solid_bench] t=23.184 p=(256.00,-552.50,0.52) d_yaw=-109.0deg solid=0.9251 range=0.8845 angle=0.9954 polar=0.4242 SOLiD=0.25ms n=4996
[INFO] [1779462848.880671443, 23.312000000]: [solid_bench] t=23.312 p=(256.00,-552.50,0.52) d_yaw=-110.5deg solid=0.9331 range=0.8957 angle=0.9931 polar=0.4238 SOLiD=0.18ms n=4997
[INFO] [1779462849.112440967, 23.440000000]: [solid_bench] t=23.440 p=(256.00,-552.50,0.52) d_yaw=-111.8deg solid=0.9270 range=0.8898 angle=0.9949 polar=0.4554 SOLiD=0.23ms n=4999
[INFO] [1779462849.338079296, 23.568000000]: [solid_bench] t=23.568 p=(256.00,-552.50,0.52) d_yaw=-113.1deg solid=0.9333 range=0.8960 angle=0.9951 polar=0.4694 SOLiD=0.21ms n=4998
[INFO] [1779462849.556118133, 23.696000000]: [solid_bench] t=23.696 p=(256.00,-552.50,0.52) d_yaw=-114.2deg solid=0.9372 range=0.9060 angle=0.9914 polar=0.5022 SOLiD=0.21ms n=5000
[INFO] [1779462849.784904692, 23.824000000]: [solid_bench] t=23.824 p=(256.00,-552.50,0.52) d_yaw=-115.3deg solid=0.9345 range=0.8951 angle=0.9899 polar=0.5029 SOLiD=0.22ms n=4997
[INFO] [1779462850.019497975, 23.952000000]: [solid_bench] t=23.952 p=(256.00,-552.50,0.52) d_yaw=-116.2deg solid=0.9373 range=0.9020 angle=0.9896 polar=0.5059 SOLiD=0.22ms n=5000
[INFO] [1779462850.261979975, 24.080000000]: [solid_bench] t=24.080 p=(256.00,-552.50,0.52) d_yaw=-117.1deg solid=0.9306 range=0.8944 angle=0.9846 polar=0.5051 SOLiD=0.18ms n=4998
[INFO] [1779462850.485018144, 24.208000000]: [solid_bench] t=24.208 p=(256.00,-552.50,0.52) d_yaw=-117.8deg solid=0.9282 range=0.8911 angle=0.9867 polar=0.4997 SOLiD=0.21ms n=4999
[INFO] [1779462850.712514778, 24.336000000]: [solid_bench] t=24.336 p=(256.00,-552.50,0.52) d_yaw=-118.5deg solid=0.9300 range=0.8987 angle=0.9793 polar=0.5169 SOLiD=0.20ms n=4997
[INFO] [1779462850.932097719, 24.464000000]: [solid_bench] t=24.464 p=(256.00,-552.50,0.52) d_yaw=-119.0deg solid=0.9361 range=0.9064 angle=0.9842 polar=0.5068 SOLiD=0.22ms n=4997
[INFO] [1779462851.164991453, 24.591999999]: [solid_bench] t=24.592 p=(256.00,-552.50,0.52) d_yaw=-119.4deg solid=0.9280 range=0.8924 angle=0.9822 polar=0.5055 SOLiD=0.22ms n=4997
[INFO] [1779462851.390571088, 24.719999999]: [solid_bench] t=24.720 p=(256.00,-552.50,0.52) d_yaw=-119.7deg solid=0.9410 range=0.9116 angle=0.9801 polar=0.4936 SOLiD=0.21ms n=5000
[INFO] [1779462851.610297164, 24.847999999]: [solid_bench] t=24.848 p=(256.00,-552.50,0.52) d_yaw=-119.9deg solid=0.9313 range=0.8926 angle=0.9876 polar=0.4880 SOLiD=0.20ms n=4999
[INFO] [1779462851.837069492, 24.975999999]: [solid_bench] t=24.976 p=(256.00,-552.50,0.52) d_yaw=-120.0deg solid=0.9343 range=0.9036 angle=0.9872 polar=0.5111 SOLiD=0.23ms n=4997
[INFO] [1779462852.062316951, 25.103999999]: [solid_bench] t=25.104 p=(256.00,-552.50,0.52) d_yaw=-120.0deg solid=0.9340 range=0.9002 angle=0.9823 polar=0.4899 SOLiD=0.22ms n=5000
[INFO] [1779462852.277298292, 25.231999999]: [solid_bench] t=25.232 p=(256.00,-552.50,0.52) d_yaw=-119.8deg solid=0.9312 range=0.8963 angle=0.9875 polar=0.5059 SOLiD=0.21ms n=4999
[INFO] [1779462852.506480477, 25.359999999]: [solid_bench] t=25.360 p=(256.00,-552.50,0.52) d_yaw=-119.6deg solid=0.9381 range=0.9058 angle=0.9890 polar=0.5013 SOLiD=0.18ms n=4999
[INFO] [1779462852.735771283, 25.487999999]: [solid_bench] t=25.488 p=(256.00,-552.50,0.52) d_yaw=-119.3deg solid=0.9360 range=0.9004 angle=0.9846 polar=0.4946 SOLiD=0.21ms n=4998
[INFO] [1779462852.953792913, 25.615999999]: [solid_bench] t=25.616 p=(256.00,-552.50,0.52) d_yaw=-118.8deg solid=0.9327 range=0.8963 angle=0.9841 polar=0.4974 SOLiD=0.21ms n=4997
[INFO] [1779462853.185831457, 25.743999999]: [solid_bench] t=25.744 p=(256.00,-552.50,0.52) d_yaw=-118.2deg solid=0.9324 range=0.8969 angle=0.9850 polar=0.5038 SOLiD=0.22ms n=4997
[INFO] [1779462853.412109295, 25.871999999]: [solid_bench] t=25.872 p=(256.00,-552.50,0.52) d_yaw=-117.6deg solid=0.9376 range=0.9059 angle=0.9858 polar=0.5092 SOLiD=0.17ms n=4997
[INFO] [1779462853.647904737, 26.000000000]: [solid_bench] t=26.000 p=(256.00,-552.50,0.52) d_yaw=-116.8deg solid=0.9307 range=0.8990 angle=0.9879 polar=0.5177 SOLiD=0.21ms n=4998
[INFO] [1779462853.870804743, 26.128000000]: [solid_bench] t=26.128 p=(256.00,-552.50,0.52) d_yaw=-115.9deg solid=0.9350 range=0.9020 angle=0.9910 polar=0.5203 SOLiD=0.21ms n=4997
[INFO] [1779462854.101232233, 26.256000000]: [solid_bench] t=26.256 p=(256.00,-552.50,0.52) d_yaw=-114.9deg solid=0.9336 range=0.8992 angle=0.9920 polar=0.5026 SOLiD=0.21ms n=4999
[INFO] [1779462854.317681711, 26.384000000]: [solid_bench] t=26.384 p=(256.00,-552.50,0.52) d_yaw=-113.8deg solid=0.9300 range=0.8883 angle=0.9917 polar=0.4722 SOLiD=0.17ms n=4999
[INFO] [1779462854.547429403, 26.512000000]: [solid_bench] t=26.512 p=(256.00,-552.50,0.52) d_yaw=-112.6deg solid=0.9327 range=0.8936 angle=0.9944 polar=0.4514 SOLiD=0.23ms n=4994
[INFO] [1779462854.774398409, 26.640000000]: [solid_bench] t=26.640 p=(256.00,-552.50,0.52) d_yaw=-111.3deg solid=0.9269 range=0.8826 angle=0.9964 polar=0.4157 SOLiD=0.21ms n=4993
[INFO] [1779462854.992845895, 26.768000000]: [solid_bench] t=26.768 p=(256.00,-552.50,0.52) d_yaw=-109.9deg solid=0.9247 range=0.8908 angle=0.9944 polar=0.4394 SOLiD=0.20ms n=4996
[INFO] [1779462855.220190746, 26.896000000]: [solid_bench] t=26.896 p=(256.00,-552.50,0.52) d_yaw=-108.4deg solid=0.9285 range=0.8952 angle=0.9975 polar=0.4338 SOLiD=0.24ms n=4994
[INFO] [1779462855.457134619, 27.024000000]: [solid_bench] t=27.024 p=(256.00,-552.50,0.52) d_yaw=-106.8deg solid=0.9295 range=0.8922 angle=0.9979 polar=0.4288 SOLiD=0.21ms n=4995
[INFO] [1779462855.677356441, 27.152000000]: [solid_bench] t=27.152 p=(256.00,-552.50,0.52) d_yaw=-105.1deg solid=0.9300 range=0.8931 angle=0.9942 polar=0.4392 SOLiD=0.97ms n=4996
[INFO] [1779462855.905107280, 27.280000000]: [solid_bench] t=27.280 p=(256.00,-552.50,0.52) d_yaw=-103.3deg solid=0.9323 range=0.9018 angle=0.9981 polar=0.4243 SOLiD=0.21ms n=4996
[INFO] [1779462856.141149083, 27.408000000]: [solid_bench] t=27.408 p=(256.00,-552.50,0.52) d_yaw=-101.4deg solid=0.9314 range=0.8962 angle=0.9985 polar=0.3947 SOLiD=0.21ms n=4995
[INFO] [1779462856.359966030, 27.536000000]: [solid_bench] t=27.536 p=(256.00,-552.50,0.52) d_yaw=-99.5deg solid=0.9320 range=0.8904 angle=0.9981 polar=0.4102 SOLiD=0.18ms n=4993
[INFO] [1779462856.585166622, 27.664000000]: [solid_bench] t=27.664 p=(256.00,-552.50,0.52) d_yaw=-97.4deg solid=0.9334 range=0.8990 angle=0.9983 polar=0.4064 SOLiD=0.22ms n=4994
[INFO] [1779462856.829218838, 27.792000000]: [solid_bench] t=27.792 p=(256.00,-552.50,0.52) d_yaw=-95.2deg solid=0.9293 range=0.8795 angle=0.9993 polar=0.4102 SOLiD=0.18ms n=4996
[INFO] [1779462857.052956208, 27.920000000]: [solid_bench] t=27.920 p=(256.00,-552.50,0.52) d_yaw=-93.0deg solid=0.9211 range=0.8662 angle=0.9986 polar=0.3927 SOLiD=0.18ms n=4989
[INFO] [1779462857.278525050, 28.048000000]: [solid_bench] t=28.048 p=(256.00,-552.50,0.52) d_yaw=-90.7deg solid=0.9119 range=0.8481 angle=0.9974 polar=0.3906 SOLiD=0.23ms n=4995
[INFO] [1779462857.500900210, 28.176000000]: [solid_bench] t=28.176 p=(256.00,-552.50,0.52) d_yaw=-88.2deg solid=0.9203 range=0.8607 angle=0.9966 polar=0.4109 SOLiD=0.21ms n=4996
[INFO] [1779462857.714981837, 28.304000000]: [solid_bench] t=28.304 p=(256.00,-552.50,0.52) d_yaw=-85.8deg solid=0.9328 range=0.8809 angle=0.9964 polar=0.4379 SOLiD=0.19ms n=4996
[INFO] [1779462857.932019786, 28.432000000]: [solid_bench] t=28.432 p=(256.00,-552.50,0.52) d_yaw=-83.2deg solid=0.8922 range=0.7944 angle=0.9966 polar=0.3991 SOLiD=0.22ms n=4996
[INFO] [1779462858.160565404, 28.560000000]: [solid_bench] t=28.560 p=(256.00,-552.50,0.52) d_yaw=-80.5deg solid=0.8751 range=0.7595 angle=0.9954 polar=0.3766 SOLiD=0.20ms n=4995
[INFO] [1779462858.379590513, 28.687999999]: [solid_bench] t=28.688 p=(256.00,-552.50,0.52) d_yaw=-77.8deg solid=0.8681 range=0.7542 angle=0.9875 polar=0.3985 SOLiD=0.19ms n=4998
[INFO] [1779462858.605502396, 28.832000000]: [solid_bench] t=28.816 p=(256.00,-552.50,0.52) d_yaw=-75.0deg solid=0.8908 range=0.7942 angle=0.9916 polar=0.4036 SOLiD=0.22ms n=4994
[INFO] [1779462858.826461484, 28.943999999]: [solid_bench] t=28.944 p=(256.00,-552.50,0.52) d_yaw=-72.2deg solid=0.8975 range=0.8184 angle=0.9818 polar=0.3828 SOLiD=0.20ms n=4994
[INFO] [1779462859.041136369, 29.071999999]: [solid_bench] t=29.072 p=(256.00,-552.50,0.52) d_yaw=-69.2deg solid=0.9012 range=0.8212 angle=0.9874 polar=0.4001 SOLiD=0.23ms n=4995
[INFO] [1779462859.259657471, 29.216000000]: [solid_bench] t=29.200 p=(256.00,-552.50,0.52) d_yaw=-66.3deg solid=0.9188 range=0.8655 angle=0.9762 polar=0.4180 SOLiD=0.47ms n=4999
[INFO] [1779462859.480764793, 29.327999999]: [solid_bench] t=29.328 p=(256.00,-552.50,0.52) d_yaw=-63.2deg solid=0.9342 range=0.8923 angle=0.9822 polar=0.3947 SOLiD=0.18ms n=4997
[INFO] [1779462859.691964652, 29.455999999]: [solid_bench] t=29.456 p=(256.00,-552.50,0.52) d_yaw=-60.1deg solid=0.9334 range=0.8934 angle=0.9773 polar=0.3988 SOLiD=0.21ms n=4994
[INFO] [1779462859.911850092, 29.583999999]: [solid_bench] t=29.584 p=(256.00,-552.50,0.52) d_yaw=-56.9deg solid=0.9387 range=0.9026 angle=0.9782 polar=0.4137 SOLiD=0.24ms n=4996
[INFO] [1779462860.136104111, 29.711999999]: [solid_bench] t=29.712 p=(256.00,-552.50,0.52) d_yaw=-53.7deg solid=0.9555 range=0.9317 angle=0.9821 polar=0.4346 SOLiD=0.18ms n=4996
[INFO] [1779462860.348352807, 29.839999999]: [solid_bench] t=29.840 p=(256.00,-552.50,0.52) d_yaw=-50.5deg solid=0.9590 range=0.9406 angle=0.9840 polar=0.4502 SOLiD=0.21ms n=4999
[INFO] [1779462860.571242346, 29.968000000]: [solid_bench] t=29.968 p=(256.00,-552.50,0.52) d_yaw=-47.2deg solid=0.9517 range=0.9320 angle=0.9765 polar=0.5005 SOLiD=0.23ms n=5000
[INFO] [1779462860.796432965, 30.096000000]: [solid_bench] t=30.096 p=(256.00,-552.50,0.52) d_yaw=-43.8deg solid=0.9591 range=0.9453 angle=0.9795 polar=0.4964 SOLiD=0.21ms n=4998
[INFO] [1779462861.009622050, 30.224000000]: [solid_bench] t=30.224 p=(256.00,-552.50,0.52) d_yaw=-40.4deg solid=0.9704 range=0.9607 angle=0.9838 polar=0.5289 SOLiD=0.42ms n=4998
[INFO] [1779462861.229235471, 30.352000000]: [solid_bench] t=30.352 p=(256.00,-552.50,0.52) d_yaw=-37.0deg solid=0.9670 range=0.9577 angle=0.9805 polar=0.5619 SOLiD=0.20ms n=4998
[INFO] [1779462861.457553007, 30.480000000]: [solid_bench] t=30.480 p=(256.00,-552.50,0.52) d_yaw=-33.6deg solid=0.9620 range=0.9481 angle=0.9786 polar=0.5665 SOLiD=0.73ms n=4998
[INFO] [1779462861.666335708, 30.608000000]: [solid_bench] t=30.608 p=(256.00,-552.50,0.52) d_yaw=-30.1deg solid=0.9711 range=0.9586 angle=0.9884 polar=0.6132 SOLiD=0.21ms n=4998
[INFO] [1779462861.885802670, 30.736000000]: [solid_bench] t=30.736 p=(256.00,-552.50,0.52) d_yaw=-26.5deg solid=0.9773 range=0.9648 angle=0.9914 polar=0.5948 SOLiD=0.21ms n=4998
[INFO] [1779462862.125708993, 30.864000000]: [solid_bench] t=30.864 p=(256.00,-552.50,0.52) d_yaw=-23.0deg solid=0.9820 range=0.9717 angle=0.9953 polar=0.5912 SOLiD=0.21ms n=4998
[INFO] [1779462862.337723283, 30.992000000]: [solid_bench] t=30.992 p=(256.00,-552.50,0.52) d_yaw=-19.4deg solid=0.9832 range=0.9733 angle=0.9955 polar=0.5669 SOLiD=0.22ms n=4998
[INFO] [1779462862.559738246, 31.120000000]: [solid_bench] t=31.120 p=(256.00,-552.50,0.52) d_yaw=-15.9deg solid=0.9810 range=0.9697 angle=0.9942 polar=0.5610 SOLiD=0.23ms n=4999
[INFO] [1779462862.783902424, 31.248000000]: [solid_bench] t=31.248 p=(256.00,-552.50,0.52) d_yaw=-12.3deg solid=0.9856 range=0.9758 angle=0.9969 polar=0.5955 SOLiD=0.22ms n=5000
[INFO] [1779462862.998473690, 31.376000000]: [solid_bench] t=31.376 p=(256.00,-552.50,0.52) d_yaw=-8.7deg solid=0.9897 range=0.9845 angle=0.9957 polar=0.7543 SOLiD=0.28ms n=4996
[INFO] [1779462863.231517686, 31.504000000]: [solid_bench] t=31.504 p=(256.00,-552.50,0.52) d_yaw=-5.1deg solid=0.9964 range=0.9973 angle=0.9953 polar=0.9285 SOLiD=0.22ms n=5000
[INFO] [1779462863.456329140, 31.647999999]: [solid_bench] t=31.632 p=(256.00,-552.50,0.52) d_yaw=-1.4deg solid=0.9976 range=0.9970 angle=0.9983 polar=0.9898 SOLiD=0.21ms n=4999
[INFO] [1779462863.669517513, 31.760000000]: [solid_bench] t=31.760 p=(256.00,-552.50,0.52) d_yaw=2.2deg solid=0.9989 range=0.9983 angle=0.9996 polar=0.9839 SOLiD=0.20ms n=4998
[INFO] [1779462863.894609678, 31.888000000]: [solid_bench] t=31.888 p=(256.00,-552.50,0.52) d_yaw=5.8deg solid=0.9950 range=0.9913 angle=0.9990 polar=0.8890 SOLiD=0.18ms n=4999
[INFO] [1779462864.122143129, 32.015999999]: [solid_bench] t=32.016 p=(256.00,-552.50,0.52) d_yaw=9.4deg solid=0.9946 range=0.9953 angle=0.9941 polar=0.7605 SOLiD=0.18ms n=4999
[INFO] [1779462864.334428014, 32.143999999]: [solid_bench] t=32.144 p=(256.00,-552.50,0.52) d_yaw=13.0deg solid=0.9901 range=0.9935 angle=0.9865 polar=0.6608 SOLiD=0.21ms n=4994
[INFO] [1779462864.555940372, 32.271999999]: [solid_bench] t=32.272 p=(256.00,-552.50,0.52) d_yaw=16.6deg solid=0.9900 range=0.9981 angle=0.9814 polar=0.5318 SOLiD=0.19ms n=5000
[INFO] [1779462864.774506091, 32.399999999]: [solid_bench] t=32.400 p=(256.00,-552.50,0.52) d_yaw=20.2deg solid=0.9883 range=0.9974 angle=0.9785 polar=0.5370 SOLiD=0.18ms n=4999
[INFO] [1779462864.986505632, 32.527999999]: [solid_bench] t=32.528 p=(256.00,-552.50,0.52) d_yaw=23.7deg solid=0.9862 range=0.9966 angle=0.9752 polar=0.5397 SOLiD=0.21ms n=4998
[INFO] [1779462865.204564878, 32.655999999]: [solid_bench] t=32.656 p=(256.00,-552.50,0.52) d_yaw=27.3deg solid=0.9839 range=0.9945 angle=0.9728 polar=0.5238 SOLiD=0.19ms n=4999
[INFO] [1779462865.425986732, 32.799999999]: [solid_bench] t=32.784 p=(256.00,-552.50,0.52) d_yaw=30.8deg solid=0.9851 range=0.9920 angle=0.9784 polar=0.5245 SOLiD=1.38ms n=5000
[INFO] [1779462865.632237664, 32.911999999]: [solid_bench] t=32.912 p=(256.00,-552.50,0.52) d_yaw=34.3deg solid=0.9821 range=0.9899 angle=0.9761 polar=0.5517 SOLiD=0.17ms n=4996
[INFO] [1779462865.851432956, 33.039999999]: [solid_bench] t=33.040 p=(256.00,-552.50,0.52) d_yaw=37.7deg solid=0.9761 range=0.9849 angle=0.9685 polar=0.5537 SOLiD=0.21ms n=4998
[INFO] [1779462866.070493585, 33.167999999]: [solid_bench] t=33.168 p=(256.00,-552.50,0.52) d_yaw=41.1deg solid=0.9761 range=0.9798 angle=0.9775 polar=0.5862 SOLiD=0.19ms n=4998
[INFO] [1779462866.300636532, 33.295999999]: [solid_bench] t=33.296 p=(256.00,-552.50,0.52) d_yaw=44.5deg solid=0.9761 range=0.9781 angle=0.9808 polar=0.6305 SOLiD=0.47ms n=4998
[INFO] [1779462866.517016322, 33.423999999]: [solid_bench] t=33.424 p=(256.00,-552.50,0.52) d_yaw=47.9deg solid=0.9724 range=0.9767 angle=0.9765 polar=0.6477 SOLiD=0.17ms n=4999
[INFO] [1779462866.735437294, 33.551999999]: [solid_bench] t=33.552 p=(256.00,-552.50,0.52) d_yaw=51.2deg solid=0.9729 range=0.9736 angle=0.9826 polar=0.6660 SOLiD=0.21ms n=5000
[INFO] [1779462866.945025228, 33.679999999]: [solid_bench] t=33.680 p=(256.00,-552.50,0.52) d_yaw=54.4deg solid=0.9743 range=0.9761 angle=0.9882 polar=0.6859 SOLiD=0.20ms n=4999
[INFO] [1779462867.165870768, 33.807999999]: [solid_bench] t=33.808 p=(256.00,-552.50,0.52) d_yaw=57.6deg solid=0.9761 range=0.9739 angle=0.9896 polar=0.7580 SOLiD=0.20ms n=4998
[INFO] [1779462867.391676022, 33.936000000]: [solid_bench] t=33.936 p=(256.00,-552.50,0.52) d_yaw=60.8deg solid=0.9792 range=0.9765 angle=0.9971 polar=0.7692 SOLiD=0.17ms n=4999
[INFO] [1779462867.605886909, 34.064000000]: [solid_bench] t=34.064 p=(256.00,-552.50,0.52) d_yaw=63.9deg solid=0.9786 range=0.9753 angle=0.9941 polar=0.7479 SOLiD=0.20ms n=4998
[INFO] [1779462867.837006361, 34.192000000]: [solid_bench] t=34.192 p=(256.00,-552.50,0.52) d_yaw=66.9deg solid=0.9782 range=0.9758 angle=0.9935 polar=0.6977 SOLiD=0.19ms n=4999
[INFO] [1779462868.066515147, 34.320000000]: [solid_bench] t=34.320 p=(256.00,-552.50,0.52) d_yaw=69.9deg solid=0.9800 range=0.9764 angle=0.9975 polar=0.6691 SOLiD=0.27ms n=5000
[INFO] [1779462868.278978352, 34.448000000]: [solid_bench] t=34.448 p=(256.00,-552.50,0.52) d_yaw=72.8deg solid=0.9800 range=0.9782 angle=0.9950 polar=0.6508 SOLiD=0.21ms n=4999
[INFO] [1779462868.500553080, 34.576000000]: [solid_bench] t=34.576 p=(256.00,-552.50,0.52) d_yaw=75.6deg solid=0.9806 range=0.9777 angle=0.9956 polar=0.6421 SOLiD=0.26ms n=5000
[INFO] [1779462868.722790774, 34.704000000]: [solid_bench] t=34.704 p=(256.00,-552.50,0.52) d_yaw=78.4deg solid=0.9837 range=0.9803 angle=0.9981 polar=0.6136 SOLiD=0.18ms n=4997
[INFO] [1779462868.942293769, 34.832000000]: [solid_bench] t=34.832 p=(256.00,-552.50,0.52) d_yaw=81.1deg solid=0.9796 range=0.9758 angle=0.9966 polar=0.6202 SOLiD=0.21ms n=5000
[INFO] [1779462869.172944674, 34.960000000]: [solid_bench] t=34.960 p=(256.00,-552.50,0.52) d_yaw=83.7deg solid=0.9836 range=0.9787 angle=0.9976 polar=0.5998 SOLiD=0.21ms n=4998
[INFO] [1779462869.398036048, 35.088000000]: [solid_bench] t=35.088 p=(256.00,-552.50,0.52) d_yaw=86.3deg solid=0.9830 range=0.9804 angle=0.9968 polar=0.6061 SOLiD=0.17ms n=4998
[INFO] [1779462869.630819314, 35.216000000]: [solid_bench] t=35.216 p=(256.00,-552.50,0.52) d_yaw=88.8deg solid=0.9820 range=0.9787 angle=0.9912 polar=0.5950 SOLiD=0.21ms n=4998
[INFO] [1779462869.853572992, 35.359999999]: [solid_bench] t=35.344 p=(256.00,-552.50,0.52) d_yaw=91.2deg solid=0.9844 range=0.9788 angle=0.9952 polar=0.6034 SOLiD=0.21ms n=4999
[INFO] [1779462870.079275536, 35.472000000]: [solid_bench] t=35.472 p=(256.00,-552.50,0.52) d_yaw=93.5deg solid=0.9832 range=0.9804 angle=0.9934 polar=0.6192 SOLiD=0.18ms n=5000
[INFO] [1779462870.287676159, 35.600000000]: [solid_bench] t=35.600 p=(256.00,-552.50,0.52) d_yaw=95.7deg solid=0.9848 range=0.9792 angle=0.9944 polar=0.6117 SOLiD=0.21ms n=4999
[INFO] [1779462870.511911282, 35.728000000]: [solid_bench] t=35.728 p=(256.00,-552.50,0.52) d_yaw=97.8deg solid=0.9843 range=0.9776 angle=0.9937 polar=0.5911 SOLiD=0.20ms n=4998
[INFO] [1779462870.732814777, 35.871999999]: [solid_bench] t=35.856 p=(256.00,-552.50,0.52) d_yaw=99.9deg solid=0.9834 range=0.9755 angle=0.9936 polar=0.5968 SOLiD=0.22ms n=4998
[INFO] [1779462870.945134136, 35.984000000]: [solid_bench] t=35.984 p=(256.00,-552.50,0.52) d_yaw=101.8deg solid=0.9842 range=0.9743 angle=0.9962 polar=0.5746 SOLiD=0.18ms n=4999
[INFO] [1779462871.184513445, 36.112000000]: [solid_bench] t=36.112 p=(256.00,-552.50,0.52) d_yaw=103.7deg solid=0.9827 range=0.9722 angle=0.9948 polar=0.5495 SOLiD=0.21ms n=5000
[INFO] [1779462871.411123131, 36.240000000]: [solid_bench] t=36.240 p=(256.00,-552.50,0.52) d_yaw=105.5deg solid=0.9824 range=0.9715 angle=0.9945 polar=0.5569 SOLiD=0.21ms n=4999
[INFO] [1779462871.628534440, 36.368000000]: [solid_bench] t=36.368 p=(256.00,-552.50,0.52) d_yaw=107.2deg solid=0.9817 range=0.9679 angle=0.9963 polar=0.5425 SOLiD=0.22ms n=4998
[INFO] [1779462871.851575679, 36.496000000]: [solid_bench] t=36.496 p=(256.00,-552.50,0.52) d_yaw=108.7deg solid=0.9806 range=0.9658 angle=0.9966 polar=0.5589 SOLiD=0.21ms n=4998
[INFO] [1779462872.083206749, 36.624000000]: [solid_bench] t=36.624 p=(256.00,-552.50,0.52) d_yaw=110.2deg solid=0.9785 range=0.9624 angle=0.9956 polar=0.5288 SOLiD=0.21ms n=4999
[INFO] [1779462872.295785542, 36.752000000]: [solid_bench] t=36.752 p=(256.00,-552.50,0.52) d_yaw=111.6deg solid=0.9795 range=0.9624 angle=0.9974 polar=0.5525 SOLiD=0.22ms n=5000
[INFO] [1779462872.521248526, 36.880000000]: [solid_bench] t=36.880 p=(256.00,-552.50,0.52) d_yaw=112.9deg solid=0.9773 range=0.9589 angle=0.9967 polar=0.5325 SOLiD=0.21ms n=4999
[INFO] [1779462872.762072895, 37.008000000]: [solid_bench] t=37.008 p=(256.00,-552.50,0.52) d_yaw=114.1deg solid=0.9799 range=0.9628 angle=0.9980 polar=0.5581 SOLiD=0.18ms n=5000
[INFO] [1779462872.976416957, 37.136000000]: [solid_bench] t=37.136 p=(256.00,-552.50,0.52) d_yaw=115.1deg solid=0.9785 range=0.9612 angle=0.9970 polar=0.5606 SOLiD=0.22ms n=4999
[INFO] [1779462873.197499142, 37.264000000]: [solid_bench] t=37.264 p=(256.00,-552.50,0.52) d_yaw=116.1deg solid=0.9765 range=0.9583 angle=0.9958 polar=0.5556 SOLiD=0.21ms n=5000
[INFO] [1779462873.419679105, 37.392000000]: [solid_bench] t=37.392 p=(256.00,-552.50,0.52) d_yaw=117.0deg solid=0.9771 range=0.9593 angle=0.9960 polar=0.5787 SOLiD=0.21ms n=4999
[INFO] [1779462873.636423376, 37.520000000]: [solid_bench] t=37.520 p=(256.00,-552.50,0.52) d_yaw=117.7deg solid=0.9761 range=0.9583 angle=0.9951 polar=0.5743 SOLiD=0.27ms n=5000
[INFO] [1779462873.861142021, 37.648000000]: [solid_bench] t=37.648 p=(256.00,-552.50,0.52) d_yaw=118.4deg solid=0.9715 range=0.9527 angle=0.9914 polar=0.5500 SOLiD=0.18ms n=4999
[INFO] [1779462874.094926481, 37.776000000]: [solid_bench] t=37.776 p=(256.00,-552.50,0.52) d_yaw=118.9deg solid=0.9759 range=0.9599 angle=0.9931 polar=0.5746 SOLiD=0.21ms n=5000
[INFO] [1779462874.307160328, 37.904000000]: [solid_bench] t=37.904 p=(256.00,-552.50,0.52) d_yaw=119.3deg solid=0.9699 range=0.9530 angle=0.9883 polar=0.5702 SOLiD=0.18ms n=4998
[INFO] [1779462874.538160180, 38.032000000]: [solid_bench] t=38.032 p=(256.00,-552.50,0.52) d_yaw=119.7deg solid=0.9709 range=0.9524 angle=0.9925 polar=0.5644 SOLiD=0.18ms n=4997
[INFO] [1779462874.793751229, 38.160000000]: [solid_bench] t=38.160 p=(256.00,-552.50,0.52) d_yaw=119.9deg solid=0.9654 range=0.9476 angle=0.9843 polar=0.5538 SOLiD=0.24ms n=5000
[INFO] [1779462875.013321389, 38.288000000]: [solid_bench] t=38.288 p=(256.00,-552.50,0.52) d_yaw=120.0deg solid=0.9652 range=0.9461 angle=0.9853 polar=0.5569 SOLiD=0.21ms n=4999
[INFO] [1779462875.241481299, 38.416000000]: [solid_bench] t=38.416 p=(256.00,-552.50,0.52) d_yaw=120.0deg solid=0.9720 range=0.9528 angle=0.9927 polar=0.5647 SOLiD=0.18ms n=5000
[INFO] [1779462875.466173129, 38.544000000]: [solid_bench] t=38.544 p=(256.00,-552.50,0.52) d_yaw=119.9deg solid=0.9665 range=0.9436 angle=0.9916 polar=0.5668 SOLiD=0.22ms n=4999
[INFO] [1779462875.684721245, 38.672000000]: [solid_bench] t=38.672 p=(256.00,-552.50,0.52) d_yaw=119.7deg solid=0.9666 range=0.9441 angle=0.9905 polar=0.5694 SOLiD=0.22ms n=4999
[INFO] [1779462875.911887797, 38.800000000]: [solid_bench] t=38.800 p=(256.00,-552.50,0.52) d_yaw=119.3deg solid=0.9712 range=0.9547 angle=0.9900 polar=0.5741 SOLiD=0.23ms n=4999
[INFO] [1779462876.139886281, 38.927999999]: [solid_bench] t=38.928 p=(256.00,-552.50,0.52) d_yaw=118.9deg solid=0.9754 range=0.9603 angle=0.9912 polar=0.5705 SOLiD=0.21ms n=4999
[INFO] [1779462876.354450682, 39.055999999]: [solid_bench] t=39.056 p=(256.00,-552.50,0.52) d_yaw=118.3deg solid=0.9755 range=0.9571 angle=0.9949 polar=0.5722 SOLiD=0.19ms n=4996
[INFO] [1779462876.577381980, 39.183999999]: [solid_bench] t=39.184 p=(256.00,-552.50,0.52) d_yaw=117.7deg solid=0.9705 range=0.9496 angle=0.9928 polar=0.5525 SOLiD=0.19ms n=4997
[INFO] [1779462876.800864298, 39.311999999]: [solid_bench] t=39.312 p=(256.00,-552.50,0.52) d_yaw=116.9deg solid=0.9758 range=0.9559 angle=0.9970 polar=0.5758 SOLiD=0.22ms n=4997
[INFO] [1779462877.018472918, 39.439999999]: [solid_bench] t=39.440 p=(256.00,-552.50,0.52) d_yaw=116.1deg solid=0.9790 range=0.9625 angle=0.9966 polar=0.5754 SOLiD=0.23ms n=4997
[INFO] [1779462877.247201228, 39.567999999]: [solid_bench] t=39.568 p=(256.00,-552.50,0.52) d_yaw=115.1deg solid=0.9783 range=0.9614 angle=0.9961 polar=0.5625 SOLiD=0.22ms n=4999
[INFO] [1779462877.470963817, 39.695999999]: [solid_bench] t=39.696 p=(256.00,-552.50,0.52) d_yaw=114.0deg solid=0.9784 range=0.9592 angle=0.9988 polar=0.5590 SOLiD=0.18ms n=4996
[INFO] [1779462877.688915466, 39.823999999]: [solid_bench] t=39.824 p=(256.00,-552.50,0.52) d_yaw=112.8deg solid=0.9823 range=0.9673 angle=0.9981 polar=0.5669 SOLiD=0.21ms n=4999
[INFO] [1779462877.916836642, 39.951999999]: [solid_bench] t=39.952 p=(256.00,-552.50,0.52) d_yaw=111.5deg solid=0.9825 range=0.9675 angle=0.9989 polar=0.5704 SOLiD=0.21ms n=4998
[INFO] [1779462878.154073571, 40.079999999]: [solid_bench] t=40.080 p=(256.00,-552.50,0.52) d_yaw=110.2deg solid=0.9786 range=0.9619 angle=0.9962 polar=0.5423 SOLiD=0.21ms n=4999
[INFO] [1779462878.371432470, 40.207999999]: [solid_bench] t=40.208 p=(256.00,-552.50,0.52) d_yaw=108.7deg solid=0.9817 range=0.9664 angle=0.9979 polar=0.5356 SOLiD=0.22ms n=4998
[INFO] [1779462878.596454317, 40.335999999]: [solid_bench] t=40.336 p=(256.00,-552.50,0.52) d_yaw=107.1deg solid=0.9807 range=0.9674 angle=0.9949 polar=0.5430 SOLiD=0.22ms n=4998
[INFO] [1779462878.820384578, 40.463999999]: [solid_bench] t=40.464 p=(256.00,-552.50,0.52) d_yaw=105.4deg solid=0.9816 range=0.9713 angle=0.9937 polar=0.5761 SOLiD=0.22ms n=4998
[INFO] [1779462879.037159214, 40.591999999]: [solid_bench] t=40.592 p=(256.00,-552.50,0.52) d_yaw=103.6deg solid=0.9838 range=0.9739 angle=0.9956 polar=0.5690 SOLiD=0.21ms n=5000
[INFO] [1779462879.255476334, 40.719999999]: [solid_bench] t=40.720 p=(256.00,-552.50,0.52) d_yaw=101.8deg solid=0.9844 range=0.9769 angle=0.9939 polar=0.5841 SOLiD=0.22ms n=5000
[INFO] [1779462879.482425071, 40.847999999]: [solid_bench] t=40.848 p=(256.00,-552.50,0.52) d_yaw=99.8deg solid=0.9855 range=0.9782 angle=0.9959 polar=0.5746 SOLiD=0.20ms n=4998
[INFO] [1779462879.694648280, 40.975999999]: [solid_bench] t=40.976 p=(256.00,-552.50,0.52) d_yaw=97.7deg solid=0.9849 range=0.9775 angle=0.9953 polar=0.5953 SOLiD=0.21ms n=4997
[INFO] [1779462879.914985612, 41.103999999]: [solid_bench] t=41.104 p=(256.00,-552.50,0.52) d_yaw=95.6deg solid=0.9849 range=0.9802 angle=0.9955 polar=0.6017 SOLiD=0.21ms n=4999
[INFO] [1779462880.135273524, 41.231999999]: [solid_bench] t=41.232 p=(256.00,-552.50,0.52) d_yaw=93.4deg solid=0.9855 range=0.9797 angle=0.9966 polar=0.6133 SOLiD=0.22ms n=4998
[INFO] [1779462880.343545934, 41.359999999]: [solid_bench] t=41.360 p=(256.00,-552.50,0.52) d_yaw=91.1deg solid=0.9846 range=0.9806 angle=0.9948 polar=0.6040 SOLiD=0.20ms n=4996
[INFO] [1779462880.564068775, 41.487999999]: [solid_bench] t=41.488 p=(256.00,-552.50,0.52) d_yaw=88.7deg solid=0.9842 range=0.9798 angle=0.9971 polar=0.6055 SOLiD=0.18ms n=4999
[INFO] [1779462880.790327226, 41.615999999]: [solid_bench] t=41.616 p=(256.00,-552.50,0.52) d_yaw=86.2deg solid=0.9840 range=0.9791 angle=0.9977 polar=0.5921 SOLiD=0.20ms n=4999
[INFO] [1779462881.002505642, 41.743999999]: [solid_bench] t=41.744 p=(256.00,-552.50,0.52) d_yaw=83.6deg solid=0.9822 range=0.9783 angle=0.9962 polar=0.5968 SOLiD=0.21ms n=4999
[INFO] [1779462881.230828640, 41.871999999]: [solid_bench] t=41.872 p=(256.00,-552.50,0.52) d_yaw=81.0deg solid=0.9833 range=0.9800 angle=0.9971 polar=0.6152 SOLiD=0.18ms n=4999
[INFO] [1779462881.458569050, 42.000000000]: [solid_bench] t=42.000 p=(256.00,-552.50,0.52) d_yaw=78.3deg solid=0.9836 range=0.9804 angle=0.9974 polar=0.6151 SOLiD=0.23ms n=4998
[INFO] [1779462881.674528840, 42.128000000]: [solid_bench] t=42.128 p=(256.00,-552.50,0.52) d_yaw=75.5deg solid=0.9830 range=0.9790 angle=0.9984 polar=0.6267 SOLiD=0.20ms n=4999
[INFO] [1779462881.898673695, 42.256000000]: [solid_bench] t=42.256 p=(256.00,-552.50,0.52) d_yaw=72.7deg solid=0.9797 range=0.9760 angle=0.9978 polar=0.6594 SOLiD=0.18ms n=4999
[INFO] [1779462882.150913325, 42.384000000]: [solid_bench] t=42.384 p=(256.00,-552.50,0.52) d_yaw=69.7deg solid=0.9787 range=0.9776 angle=0.9910 polar=0.6690 SOLiD=0.17ms n=5000
[INFO] [1779462882.364660388, 42.512000000]: [solid_bench] t=42.512 p=(256.00,-552.50,0.52) d_yaw=66.8deg solid=0.9776 range=0.9759 angle=0.9932 polar=0.7063 SOLiD=0.21ms n=4999
[INFO] [1779462882.592476127, 42.640000000]: [solid_bench] t=42.640 p=(256.00,-552.50,0.52) d_yaw=63.7deg solid=0.9770 range=0.9754 angle=0.9935 polar=0.7419 SOLiD=0.20ms n=4999
[INFO] [1779462882.831702163, 42.783999999]: [solid_bench] t=42.768 p=(256.00,-552.50,0.52) d_yaw=60.6deg solid=0.9772 range=0.9750 angle=0.9923 polar=0.7686 SOLiD=0.22ms n=4997
[INFO] [1779462883.052607030, 42.896000000]: [solid_bench] t=42.896 p=(256.00,-552.50,0.52) d_yaw=57.5deg solid=0.9758 range=0.9735 angle=0.9914 polar=0.7334 SOLiD=0.30ms n=4999
[INFO] [1779462883.268250593, 43.024000000]: [solid_bench] t=43.024 p=(256.00,-552.50,0.52) d_yaw=54.3deg solid=0.9740 range=0.9758 angle=0.9845 polar=0.6914 SOLiD=0.22ms n=4999
[INFO] [1779462883.490542000, 43.152000000]: [solid_bench] t=43.152 p=(256.00,-552.50,0.52) d_yaw=51.0deg solid=0.9740 range=0.9743 angle=0.9856 polar=0.6792 SOLiD=0.27ms n=4995
[INFO] [1779462883.701962795, 43.280000000]: [solid_bench] t=43.280 p=(256.00,-552.50,0.52) d_yaw=47.7deg solid=0.9719 range=0.9736 angle=0.9780 polar=0.6251 SOLiD=0.18ms n=4997
[INFO] [1779462883.919081978, 43.408000000]: [solid_bench] t=43.408 p=(256.00,-552.50,0.52) d_yaw=44.4deg solid=0.9751 range=0.9770 angle=0.9790 polar=0.6028 SOLiD=0.21ms n=4997
[INFO] [1779462884.138700743, 43.536000000]: [solid_bench] t=43.536 p=(256.00,-552.50,0.52) d_yaw=41.0deg solid=0.9746 range=0.9774 angle=0.9763 polar=0.5914 SOLiD=0.21ms n=4998
[INFO] [1779462884.347596576, 43.664000000]: [solid_bench] t=43.664 p=(256.00,-552.50,0.52) d_yaw=37.6deg solid=0.9806 range=0.9867 angle=0.9776 polar=0.5700 SOLiD=0.22ms n=4998
[INFO] [1779462884.566370005, 43.792000000]: [solid_bench] t=43.792 p=(256.00,-552.50,0.52) d_yaw=34.1deg solid=0.9802 range=0.9905 angle=0.9717 polar=0.5468 SOLiD=0.21ms n=4998
[INFO] [1779462884.783690349, 43.920000000]: [solid_bench] t=43.920 p=(256.00,-552.50,0.52) d_yaw=30.6deg solid=0.9860 range=0.9938 angle=0.9788 polar=0.5424 SOLiD=0.18ms n=5000
[INFO] [1779462884.993234202, 44.048000000]: [solid_bench] t=44.048 p=(256.00,-552.50,0.52) d_yaw=27.1deg solid=0.9848 range=0.9955 angle=0.9733 polar=0.5248 SOLiD=0.17ms n=5000
[INFO] [1779462885.210760656, 44.176000000]: [solid_bench] t=44.176 p=(256.00,-552.50,0.52) d_yaw=23.6deg solid=0.9849 range=0.9974 angle=0.9716 polar=0.5290 SOLiD=0.20ms n=4999
[INFO] [1779462885.448252567, 44.304000000]: [solid_bench] t=44.304 p=(256.00,-552.50,0.52) d_yaw=20.0deg solid=0.9878 range=0.9967 angle=0.9782 polar=0.5414 SOLiD=0.19ms n=4998
[INFO] [1779462885.658365308, 44.432000000]: [solid_bench] t=44.432 p=(256.00,-552.50,0.52) d_yaw=16.5deg solid=0.9877 range=0.9974 angle=0.9773 polar=0.5595 SOLiD=0.23ms n=5000
[INFO] [1779462885.879151815, 44.560000000]: [solid_bench] t=44.560 p=(256.00,-552.50,0.52) d_yaw=12.9deg solid=0.9919 range=0.9981 angle=0.9852 polar=0.6568 SOLiD=0.18ms n=5000
[INFO] [1779462886.105666103, 44.688000000]: [solid_bench] t=44.688 p=(256.00,-552.50,0.52) d_yaw=9.3deg solid=0.9938 range=0.9915 angle=0.9963 polar=0.7981 SOLiD=0.21ms n=4997
[INFO] [1779462886.319453216, 44.816000000]: [solid_bench] t=44.816 p=(256.00,-552.50,0.52) d_yaw=5.7deg solid=0.9937 range=0.9889 angle=0.9989 polar=0.8962 SOLiD=0.21ms n=5000
[INFO] [1779462886.543091065, 44.944000000]: [solid_bench] t=44.944 p=(256.00,-552.50,0.52) d_yaw=2.0deg solid=0.9992 range=0.9995 angle=0.9990 polar=0.9845 SOLiD=0.21ms n=4999
[INFO] [1779462886.765798000, 45.072000000]: [solid_bench] t=45.072 p=(256.00,-552.50,0.52) d_yaw=-1.6deg solid=0.9970 range=0.9959 angle=0.9984 polar=0.9879 SOLiD=0.33ms n=4998
[INFO] [1779462886.982582062, 45.200000000]: [solid_bench] t=45.200 p=(256.00,-552.50,0.52) d_yaw=-5.2deg solid=0.9932 range=0.9938 angle=0.9927 polar=0.9136 SOLiD=0.21ms n=4998
[INFO] [1779462887.211508074, 45.328000000]: [solid_bench] t=45.328 p=(256.00,-552.50,0.52) d_yaw=-8.8deg solid=0.9894 range=0.9834 angle=0.9960 polar=0.7551 SOLiD=0.23ms n=4998
[INFO] [1779462887.436430518, 45.456000000]: [solid_bench] t=45.456 p=(256.00,-552.50,0.52) d_yaw=-12.4deg solid=0.9883 range=0.9844 angle=0.9926 polar=0.5964 SOLiD=0.20ms n=4997
[INFO] [1779462887.657912190, 45.584000000]: [solid_bench] t=45.584 p=(256.00,-552.50,0.52) d_yaw=-16.0deg solid=0.9869 range=0.9801 angle=0.9957 polar=0.5692 SOLiD=0.22ms n=4998
[INFO] [1779462887.883385786, 45.712000000]: [solid_bench] t=45.712 p=(256.00,-552.50,0.52) d_yaw=-19.6deg solid=0.9832 range=0.9739 angle=0.9947 polar=0.5704 SOLiD=0.22ms n=5000
[INFO] [1779462888.115427098, 45.840000000]: [solid_bench] t=45.840 p=(256.00,-552.50,0.52) d_yaw=-23.2deg solid=0.9771 range=0.9669 angle=0.9910 polar=0.5759 SOLiD=0.18ms n=5000
[INFO] [1779462888.330541516, 45.968000000]: [solid_bench] t=45.968 p=(256.00,-552.50,0.52) d_yaw=-26.7deg solid=0.9823 range=0.9737 angle=0.9929 polar=0.6006 SOLiD=0.21ms n=5000
[INFO] [1779462888.570518233, 46.096000000]: [solid_bench] t=46.096 p=(256.00,-552.50,0.52) d_yaw=-30.2deg solid=0.9746 range=0.9677 angle=0.9834 polar=0.6149 SOLiD=0.27ms n=4998
[INFO] [1779462888.798711211, 46.224000000]: [solid_bench] t=46.224 p=(256.00,-552.50,0.52) d_yaw=-33.7deg solid=0.9714 range=0.9599 angle=0.9868 polar=0.5866 SOLiD=0.18ms n=4995
[INFO] [1779462889.011593674, 46.352000000]: [solid_bench] t=46.352 p=(256.00,-552.50,0.52) d_yaw=-37.2deg solid=0.9699 range=0.9600 angle=0.9820 polar=0.5651 SOLiD=0.21ms n=5000
[INFO] [1779462889.240359769, 46.480000000]: [solid_bench] t=46.480 p=(256.00,-552.50,0.52) d_yaw=-40.6deg solid=0.9629 range=0.9508 angle=0.9815 polar=0.5226 SOLiD=0.21ms n=4999
[INFO] [1779462889.462706939, 46.608000000]: [solid_bench] t=46.608 p=(256.00,-552.50,0.52) d_yaw=-44.0deg solid=0.9551 range=0.9350 angle=0.9820 polar=0.4992 SOLiD=0.47ms n=4999
[INFO] [1779462889.678628060, 46.752000000]: [solid_bench] t=46.736 p=(256.00,-552.50,0.52) d_yaw=-47.3deg solid=0.9611 range=0.9445 angle=0.9818 polar=0.5140 SOLiD=0.21ms n=4997
[INFO] [1779462889.903553105, 46.880000000]: [solid_bench] t=46.864 p=(256.00,-552.50,0.52) d_yaw=-50.6deg solid=0.9527 range=0.9294 angle=0.9804 polar=0.4547 SOLiD=0.24ms n=4998
[INFO] [1779462890.127530227, 46.992000000]: [solid_bench] t=46.992 p=(256.00,-552.50,0.52) d_yaw=-53.9deg solid=0.9469 range=0.9235 angle=0.9757 polar=0.4249 SOLiD=0.24ms n=4997
[INFO] [1779462890.342595932, 47.119999999]: [solid_bench] t=47.120 p=(256.00,-552.50,0.52) d_yaw=-57.1deg solid=0.9403 range=0.9038 angle=0.9792 polar=0.4147 SOLiD=0.22ms n=4996
[INFO] [1779462890.565251105, 47.247999999]: [solid_bench] t=47.248 p=(256.00,-552.50,0.52) d_yaw=-60.2deg solid=0.9434 range=0.9125 angle=0.9806 polar=0.4210 SOLiD=0.23ms n=4999
[INFO] [1779462890.790541224, 47.375999999]: [solid_bench] t=47.376 p=(256.00,-552.50,0.52) d_yaw=-63.3deg solid=0.9480 range=0.9193 angle=0.9852 polar=0.3999 SOLiD=0.21ms n=4995
[INFO] [1779462891.005989723, 47.520000000]: [solid_bench] t=47.504 p=(256.00,-552.50,0.52) d_yaw=-66.4deg solid=0.9069 range=0.8342 angle=0.9840 polar=0.4079 SOLiD=0.21ms n=4998
[INFO] [1779462891.228305650, 47.631999999]: [solid_bench] t=47.632 p=(256.00,-552.50,0.52) d_yaw=-69.4deg solid=0.9107 range=0.8451 angle=0.9812 polar=0.3969 SOLiD=0.18ms n=4998
[INFO] [1779462891.450408734, 47.776000000]: [solid_bench] t=47.760 p=(256.00,-552.50,0.52) d_yaw=-72.3deg solid=0.8720 range=0.7698 angle=0.9802 polar=0.3697 SOLiD=0.22ms n=4997
[INFO] [1779462891.659947585, 47.887999999]: [solid_bench] t=47.888 p=(256.00,-552.50,0.52) d_yaw=-75.1deg solid=0.8963 range=0.8086 angle=0.9884 polar=0.4073 SOLiD=0.22ms n=4998
[INFO] [1779462891.884421018, 48.032000000]: [solid_bench] t=48.016 p=(256.00,-552.50,0.52) d_yaw=-77.9deg solid=0.8760 range=0.7654 angle=0.9923 polar=0.3913 SOLiD=0.21ms n=4996
[INFO] [1779462892.112376831, 48.160000000]: [solid_bench] t=48.144 p=(256.00,-552.50,0.52) d_yaw=-80.6deg solid=0.8855 range=0.7821 angle=0.9972 polar=0.3679 SOLiD=0.22ms n=4994
[INFO] [1779462892.323438660, 48.271999999]: [solid_bench] t=48.272 p=(256.00,-552.50,0.52) d_yaw=-83.3deg solid=0.9132 range=0.8384 angle=0.9976 polar=0.4220 SOLiD=0.19ms n=4994
[INFO] [1779462892.549689791, 48.399999999]: [solid_bench] t=48.400 p=(256.00,-552.50,0.52) d_yaw=-85.9deg solid=0.8869 range=0.7889 angle=0.9923 polar=0.4100 SOLiD=0.21ms n=4994
[INFO] [1779462892.773051166, 48.527999999]: [solid_bench] t=48.528 p=(256.00,-552.50,0.52) d_yaw=-88.3deg solid=0.9080 range=0.8336 angle=0.9944 polar=0.4144 SOLiD=0.21ms n=4997
[INFO] [1779462892.988750600, 48.655999999]: [solid_bench] t=48.656 p=(256.00,-552.50,0.52) d_yaw=-90.8deg solid=0.9303 range=0.8793 angle=0.9981 polar=0.3869 SOLiD=0.26ms n=4994
[INFO] [1779462893.216898548, 48.783999999]: [solid_bench] t=48.784 p=(256.00,-552.50,0.52) d_yaw=-93.1deg solid=0.9255 range=0.8899 angle=0.9978 polar=0.3958 SOLiD=0.19ms n=4995
[INFO] [1779462893.436887681, 48.911999999]: [solid_bench] t=48.912 p=(256.00,-552.50,0.52) d_yaw=-95.3deg solid=0.9240 range=0.8832 angle=0.9984 polar=0.4175 SOLiD=0.22ms n=4996
[INFO] [1779462893.652503787, 49.039999999]: [solid_bench] t=49.040 p=(256.00,-552.50,0.52) d_yaw=-97.5deg solid=0.9368 range=0.8967 angle=0.9979 polar=0.4040 SOLiD=0.18ms n=4995
[INFO] [1779462893.895295985, 49.167999999]: [solid_bench] t=49.168 p=(256.00,-552.50,0.52) d_yaw=-99.5deg solid=0.9267 range=0.8792 angle=0.9980 polar=0.3943 SOLiD=0.22ms n=4994
[INFO] [1779462894.122277108, 49.295999999]: [solid_bench] t=49.296 p=(256.00,-552.50,0.52) d_yaw=-101.5deg solid=0.9412 range=0.9080 angle=0.9969 polar=0.3900 SOLiD=0.21ms n=4990
[INFO] [1779462894.344183209, 49.423999999]: [solid_bench] t=49.424 p=(256.00,-552.50,0.52) d_yaw=-103.4deg solid=0.9243 range=0.8836 angle=0.9980 polar=0.4137 SOLiD=0.21ms n=4990
[INFO] [1779462894.573217925, 49.551999999]: [solid_bench] t=49.552 p=(256.00,-552.50,0.52) d_yaw=-105.2deg solid=0.9363 range=0.9008 angle=0.9977 polar=0.4345 SOLiD=0.21ms n=4997
[INFO] [1779462894.800763646, 49.679999999]: [solid_bench] t=49.680 p=(256.00,-552.50,0.52) d_yaw=-106.9deg solid=0.9260 range=0.8875 angle=0.9943 polar=0.4309 SOLiD=0.22ms n=4990
[INFO] [1779462895.022219236, 49.807999999]: [solid_bench] t=49.808 p=(256.00,-552.50,0.52) d_yaw=-108.5deg solid=0.9368 range=0.9101 angle=0.9956 polar=0.4459 SOLiD=0.22ms n=4995
[INFO] [1779462895.257383822, 49.936000000]: [solid_bench] t=49.936 p=(256.00,-552.50,0.52) d_yaw=-110.0deg solid=0.9284 range=0.8820 angle=0.9929 polar=0.4127 SOLiD=0.21ms n=4994
[INFO] [1779462895.481009769, 50.064000000]: [solid_bench] t=50.064 p=(256.00,-552.50,0.52) d_yaw=-111.4deg solid=0.9293 range=0.8924 angle=0.9903 polar=0.4455 SOLiD=0.22ms n=4997
[INFO] [1779462895.698638649, 50.192000000]: [solid_bench] t=50.192 p=(256.00,-552.50,0.52) d_yaw=-112.7deg solid=0.9337 range=0.8962 angle=0.9912 polar=0.4720 SOLiD=0.91ms n=4995
[INFO] [1779462895.929188877, 50.320000000]: [solid_bench] t=50.320 p=(256.00,-552.50,0.52) d_yaw=-113.9deg solid=0.9325 range=0.8975 angle=0.9887 polar=0.4774 SOLiD=0.21ms n=4999
[INFO] [1779462896.163295329, 50.448000000]: [solid_bench] t=50.448 p=(256.00,-552.50,0.52) d_yaw=-115.0deg solid=0.9336 range=0.8938 angle=0.9882 polar=0.4912 SOLiD=0.21ms n=4998
[INFO] [1779462896.390282797, 50.576000000]: [solid_bench] t=50.576 p=(256.00,-552.50,0.52) d_yaw=-115.9deg solid=0.9303 range=0.8950 angle=0.9907 polar=0.5082 SOLiD=0.22ms n=4999
[INFO] [1779462896.624062731, 50.719999999]: [solid_bench] t=50.704 p=(256.00,-552.50,0.52) d_yaw=-116.8deg solid=0.9399 range=0.9129 angle=0.9880 polar=0.5232 SOLiD=0.31ms n=4999
[INFO] [1779462896.851229189, 50.832000000]: [solid_bench] t=50.832 p=(256.00,-552.50,0.52) d_yaw=-117.6deg solid=0.9299 range=0.8939 angle=0.9866 polar=0.5029 SOLiD=0.18ms n=4998
[INFO] [1779462897.087244911, 50.960000000]: [solid_bench] t=50.960 p=(256.00,-552.50,0.52) d_yaw=-118.3deg solid=0.9400 range=0.9080 angle=0.9885 polar=0.5076 SOLiD=0.23ms n=4998
[INFO] [1779462897.322154157, 51.088000000]: [solid_bench] t=51.088 p=(256.00,-552.50,0.52) d_yaw=-118.8deg solid=0.9338 range=0.8979 angle=0.9892 polar=0.5092 SOLiD=0.21ms n=4999
[INFO] [1779462897.548338708, 51.216000000]: [solid_bench] t=51.216 p=(256.00,-552.50,0.52) d_yaw=-119.3deg solid=0.9404 range=0.9103 angle=0.9849 polar=0.5126 SOLiD=0.22ms n=4999
[INFO] [1779462897.765807865, 51.344000000]: [solid_bench] t=51.344 p=(256.00,-552.50,0.52) d_yaw=-119.6deg solid=0.9382 range=0.9066 angle=0.9851 polar=0.5077 SOLiD=0.18ms n=5000
[INFO] [1779462897.991977352, 51.472000000]: [solid_bench] t=51.472 p=(256.00,-552.50,0.52) d_yaw=-119.9deg solid=0.9362 range=0.9015 angle=0.9856 polar=0.4863 SOLiD=0.18ms n=4999
[INFO] [1779462898.240284187, 51.600000000]: [solid_bench] t=51.600 p=(256.00,-552.50,0.52) d_yaw=-120.0deg solid=0.9327 range=0.8969 angle=0.9845 polar=0.5098 SOLiD=0.22ms n=4998
[INFO] [1779462898.458251111, 51.728000000]: [solid_bench] t=51.728 p=(256.00,-552.50,0.52) d_yaw=-120.0deg solid=0.9447 range=0.9154 angle=0.9833 polar=0.5055 SOLiD=0.23ms n=4998
^C[INFO] [1779462898.690149035, 51.856000000]: [solid_bench] t=51.856 p=(256.00,-552.50,0.52) d_yaw=-119.9deg solid=0.9337 range=0.9032 angle=0.9787 polar=0.5031 SOLiD=0.33ms n=4997
